mode: set
github.com/MarkWestbroek/Bitemporal_2026/bitemporal_go_API_v05/routes/addroutes.go:14.36,71.2 17 1
github.com/MarkWestbroek/Bitemporal_2026/bitemporal_go_API_v05/routes/addroutes_helper.go:11.48,13.43 2 1
github.com/MarkWestbroek/Bitemporal_2026/bitemporal_go_API_v05/routes/addroutes_helper.go:13.43,15.3 1 1
github.com/MarkWestbroek/Bitemporal_2026/bitemporal_go_API_v05/routes/addroutes_helper.go:16.2,18.37 2 1
github.com/MarkWestbroek/Bitemporal_2026/bitemporal_go_API_v05/routes/addroutes_helper.go:18.37,20.57 2 1
github.com/MarkWestbroek/Bitemporal_2026/bitemporal_go_API_v05/routes/addroutes_helper.go:20.57,21.12 1 0
github.com/MarkWestbroek/Bitemporal_2026/bitemporal_go_API_v05/routes/addroutes_helper.go:24.3,27.67 4 1
github.com/MarkWestbroek/Bitemporal_2026/bitemporal_go_API_v05/routes/addroutes_helper.go:31.52,33.43 2 1
github.com/MarkWestbroek/Bitemporal_2026/bitemporal_go_API_v05/routes/addroutes_helper.go:33.43,35.3 1 1
github.com/MarkWestbroek/Bitemporal_2026/bitemporal_go_API_v05/routes/addroutes_helper.go:36.2,38.37 2 1
github.com/MarkWestbroek/Bitemporal_2026/bitemporal_go_API_v05/routes/addroutes_helper.go:38.37,40.126 2 1
github.com/MarkWestbroek/Bitemporal_2026/bitemporal_go_API_v05/routes/addroutes_helper.go:40.126,41.12 1 1
github.com/MarkWestbroek/Bitemporal_2026/bitemporal_go_API_v05/routes/addroutes_helper.go:44.3,47.71 4 1
github.com/MarkWestbroek/Bitemporal_2026/bitemporal_go_API_v05/main.go:27.13,34.52 6 0
github.com/MarkWestbroek/Bitemporal_2026/bitemporal_go_API_v05/main.go:34.52,36.3 1 0
github.com/MarkWestbroek/Bitemporal_2026/bitemporal_go_API_v05/main.go:39.2,40.16 2 0
github.com/MarkWestbroek/Bitemporal_2026/bitemporal_go_API_v05/main.go:40.16,43.3 2 0
github.com/MarkWestbroek/Bitemporal_2026/bitemporal_go_API_v05/main.go:44.2,49.16 4 0
github.com/MarkWestbroek/Bitemporal_2026/bitemporal_go_API_v05/main.go:49.16,52.3 2 0
github.com/MarkWestbroek/Bitemporal_2026/bitemporal_go_API_v05/main.go:53.2,56.25 2 0
github.com/MarkWestbroek/Bitemporal_2026/bitemporal_go_API_v05/main.go:56.25,60.3 1 0
github.com/MarkWestbroek/Bitemporal_2026/bitemporal_go_API_v05/main.go:63.2,64.16 2 0
github.com/MarkWestbroek/Bitemporal_2026/bitemporal_go_API_v05/main.go:64.16,67.3 2 0
github.com/MarkWestbroek/Bitemporal_2026/bitemporal_go_API_v05/main.go:69.2,77.14 4 0
github.com/MarkWestbroek/Bitemporal_2026/bitemporal_go_API_v05/main.go:81.28,83.16 2 0
github.com/MarkWestbroek/Bitemporal_2026/bitemporal_go_API_v05/main.go:83.16,85.3 1 0
github.com/MarkWestbroek/Bitemporal_2026/bitemporal_go_API_v05/main.go:88.33,90.2 1 0
github.com/MarkWestbroek/Bitemporal_2026/bitemporal_go_API_v05/main.go:92.31,95.2 2 0
github.com/MarkWestbroek/Bitemporal_2026/bitemporal_go_API_v05/main.go:97.37,98.42 1 1
github.com/MarkWestbroek/Bitemporal_2026/bitemporal_go_API_v05/main.go:98.42,100.3 1 1
github.com/MarkWestbroek/Bitemporal_2026/bitemporal_go_API_v05/main.go:102.2,102.49 1 1
github.com/MarkWestbroek/Bitemporal_2026/bitemporal_go_API_v05/main.go:106.30,119.46 9 1
github.com/MarkWestbroek/Bitemporal_2026/bitemporal_go_API_v05/main.go:119.46,121.3 1 1
github.com/MarkWestbroek/Bitemporal_2026/bitemporal_go_API_v05/main.go:124.2,135.15 7 1
github.com/MarkWestbroek/Bitemporal_2026/bitemporal_go_API_v05/main.go:138.43,141.15 2 0
github.com/MarkWestbroek/Bitemporal_2026/bitemporal_go_API_v05/main.go:141.15,144.3 1 0
github.com/MarkWestbroek/Bitemporal_2026/bitemporal_go_API_v05/main.go:146.2,146.35 1 0
github.com/MarkWestbroek/Bitemporal_2026/bitemporal_go_API_v05/main.go:146.35,148.17 2 0
github.com/MarkWestbroek/Bitemporal_2026/bitemporal_go_API_v05/main.go:148.17,150.4 1 0
github.com/MarkWestbroek/Bitemporal_2026/bitemporal_go_API_v05/main.go:153.2,155.16 3 0
github.com/MarkWestbroek/Bitemporal_2026/bitemporal_go_API_v05/main.go:158.41,161.2 2 0
github.com/MarkWestbroek/Bitemporal_2026/bitemporal_go_API_v05/main.go:163.48,165.16 2 0
github.com/MarkWestbroek/Bitemporal_2026/bitemporal_go_API_v05/main.go:165.16,167.3 1 0
github.com/MarkWestbroek/Bitemporal_2026/bitemporal_go_API_v05/main.go:169.2,170.20 2 0
github.com/MarkWestbroek/Bitemporal_2026/bitemporal_go_API_v05/main.go:170.20,172.17 2 0
github.com/MarkWestbroek/Bitemporal_2026/bitemporal_go_API_v05/main.go:172.17,174.4 1 0
github.com/MarkWestbroek/Bitemporal_2026/bitemporal_go_API_v05/main.go:177.2,187.16 6 0
github.com/MarkWestbroek/Bitemporal_2026/bitemporal_go_API_v05/main.go:187.16,189.3 1 0
github.com/MarkWestbroek/Bitemporal_2026/bitemporal_go_API_v05/main.go:191.2,191.12 1 0
github.com/MarkWestbroek/Bitemporal_2026/bitemporal_go_API_v05/main.go:191.12,194.3 2 0
github.com/MarkWestbroek/Bitemporal_2026/bitemporal_go_API_v05/main.go:196.2,197.16 2 0
github.com/MarkWestbroek/Bitemporal_2026/bitemporal_go_API_v05/main.go:197.16,203.3 1 0
github.com/MarkWestbroek/Bitemporal_2026/bitemporal_go_API_v05/main.go:205.2,206.12 2 0
github.com/MarkWestbroek/Bitemporal_2026/bitemporal_go_API_v05/main.go:209.61,211.16 2 0
github.com/MarkWestbroek/Bitemporal_2026/bitemporal_go_API_v05/main.go:211.16,213.3 1 0
github.com/MarkWestbroek/Bitemporal_2026/bitemporal_go_API_v05/main.go:215.2,216.43 2 0
github.com/MarkWestbroek/Bitemporal_2026/bitemporal_go_API_v05/main.go:216.43,218.3 1 0
github.com/MarkWestbroek/Bitemporal_2026/bitemporal_go_API_v05/main.go:220.2,220.26 1 0
github.com/MarkWestbroek/Bitemporal_2026/bitemporal_go_API_v05/main.go:223.74,225.16 2 0
github.com/MarkWestbroek/Bitemporal_2026/bitemporal_go_API_v05/main.go:225.16,227.3 1 0
github.com/MarkWestbroek/Bitemporal_2026/bitemporal_go_API_v05/main.go:229.2,230.29 2 0
github.com/MarkWestbroek/Bitemporal_2026/bitemporal_go_API_v05/main.go:233.42,235.2 1 0
github.com/MarkWestbroek/Bitemporal_2026/bitemporal_go_API_v05/model/REST request models.go:51.64,52.30 1 0
github.com/MarkWestbroek/Bitemporal_2026/bitemporal_go_API_v05/model/REST request models.go:52.30,54.3 1 0
github.com/MarkWestbroek/Bitemporal_2026/bitemporal_go_API_v05/model/REST request models.go:56.2,57.51 2 0
github.com/MarkWestbroek/Bitemporal_2026/bitemporal_go_API_v05/model/REST request models.go:57.51,59.9 2 0
github.com/MarkWestbroek/Bitemporal_2026/bitemporal_go_API_v05/model/REST request models.go:59.9,61.4 1 0
github.com/MarkWestbroek/Bitemporal_2026/bitemporal_go_API_v05/model/REST request models.go:64.2,64.20 1 0
github.com/MarkWestbroek/Bitemporal_2026/bitemporal_go_API_v05/model/REST request models.go:64.20,66.3 1 0
github.com/MarkWestbroek/Bitemporal_2026/bitemporal_go_API_v05/model/REST request models.go:68.2,68.76 1 0
github.com/MarkWestbroek/Bitemporal_2026/bitemporal_go_API_v05/model/REST request models.go:71.68,72.28 1 0
github.com/MarkWestbroek/Bitemporal_2026/bitemporal_go_API_v05/model/REST request models.go:72.28,74.3 1 0
github.com/MarkWestbroek/Bitemporal_2026/bitemporal_go_API_v05/model/REST request models.go:76.2,77.51 2 0
github.com/MarkWestbroek/Bitemporal_2026/bitemporal_go_API_v05/model/REST request models.go:77.51,79.3 1 0
github.com/MarkWestbroek/Bitemporal_2026/bitemporal_go_API_v05/model/REST request models.go:81.2,81.19 1 0
github.com/MarkWestbroek/Bitemporal_2026/bitemporal_go_API_v05/model/REST request models.go:81.19,83.3 1 0
github.com/MarkWestbroek/Bitemporal_2026/bitemporal_go_API_v05/model/REST request models.go:85.2,85.37 1 0
github.com/MarkWestbroek/Bitemporal_2026/bitemporal_go_API_v05/model/REST request models.go:85.37,87.10 2 0
github.com/MarkWestbroek/Bitemporal_2026/bitemporal_go_API_v05/model/REST request models.go:87.10,89.4 1 0
github.com/MarkWestbroek/Bitemporal_2026/bitemporal_go_API_v05/model/REST request models.go:91.3,92.64 2 0
github.com/MarkWestbroek/Bitemporal_2026/bitemporal_go_API_v05/model/REST request models.go:92.64,94.4 1 0
github.com/MarkWestbroek/Bitemporal_2026/bitemporal_go_API_v05/model/REST request models.go:96.3,100.25 4 0
github.com/MarkWestbroek/Bitemporal_2026/bitemporal_go_API_v05/model/REST request models.go:100.25,102.4 1 0
github.com/MarkWestbroek/Bitemporal_2026/bitemporal_go_API_v05/model/REST request models.go:105.2,105.12 1 0
github.com/MarkWestbroek/Bitemporal_2026/bitemporal_go_API_v05/model/REST request models.go:108.65,109.44 1 0
github.com/MarkWestbroek/Bitemporal_2026/bitemporal_go_API_v05/model/REST request models.go:109.44,111.3 1 0
github.com/MarkWestbroek/Bitemporal_2026/bitemporal_go_API_v05/model/REST request models.go:113.2,113.43 1 0
github.com/MarkWestbroek/Bitemporal_2026/bitemporal_go_API_v05/model/REST request models.go:114.15,115.39 1 0
github.com/MarkWestbroek/Bitemporal_2026/bitemporal_go_API_v05/model/REST request models.go:116.12,117.39 1 0
github.com/MarkWestbroek/Bitemporal_2026/bitemporal_go_API_v05/model/REST request models.go:118.12,119.39 1 0
github.com/MarkWestbroek/Bitemporal_2026/bitemporal_go_API_v05/model/REST request models.go:120.16,121.45 1 0
github.com/MarkWestbroek/Bitemporal_2026/bitemporal_go_API_v05/model/REST request models.go:122.10,123.90 1 0
github.com/MarkWestbroek/Bitemporal_2026/bitemporal_go_API_v05/model/REST request models.go:127.65,128.44 1 0
github.com/MarkWestbroek/Bitemporal_2026/bitemporal_go_API_v05/model/REST request models.go:128.44,130.3 1 0
github.com/MarkWestbroek/Bitemporal_2026/bitemporal_go_API_v05/model/REST request models.go:132.2,132.43 1 0
github.com/MarkWestbroek/Bitemporal_2026/bitemporal_go_API_v05/model/REST request models.go:133.15,134.39 1 0
github.com/MarkWestbroek/Bitemporal_2026/bitemporal_go_API_v05/model/REST request models.go:135.12,136.39 1 0
github.com/MarkWestbroek/Bitemporal_2026/bitemporal_go_API_v05/model/REST request models.go:137.12,138.39 1 0
github.com/MarkWestbroek/Bitemporal_2026/bitemporal_go_API_v05/model/REST request models.go:139.10,140.90 1 0
github.com/MarkWestbroek/Bitemporal_2026/bitemporal_go_API_v05/model/date.go:17.56,19.2 1 1
github.com/MarkWestbroek/Bitemporal_2026/bitemporal_go_API_v05/model/date.go:21.31,22.21 1 1
github.com/MarkWestbroek/Bitemporal_2026/bitemporal_go_API_v05/model/date.go:22.21,24.3 1 0
github.com/MarkWestbroek/Bitemporal_2026/bitemporal_go_API_v05/model/date.go:25.2,25.34 1 1
github.com/MarkWestbroek/Bitemporal_2026/bitemporal_go_API_v05/model/date.go:28.45,29.21 1 1
github.com/MarkWestbroek/Bitemporal_2026/bitemporal_go_API_v05/model/date.go:29.21,31.3 1 0
github.com/MarkWestbroek/Bitemporal_2026/bitemporal_go_API_v05/model/date.go:32.2,32.48 1 1
github.com/MarkWestbroek/Bitemporal_2026/bitemporal_go_API_v05/model/date.go:35.49,36.28 1 1
github.com/MarkWestbroek/Bitemporal_2026/bitemporal_go_API_v05/model/date.go:36.28,37.15 1 0
github.com/MarkWestbroek/Bitemporal_2026/bitemporal_go_API_v05/model/date.go:37.15,39.4 1 0
github.com/MarkWestbroek/Bitemporal_2026/bitemporal_go_API_v05/model/date.go:40.3,40.13 1 0
github.com/MarkWestbroek/Bitemporal_2026/bitemporal_go_API_v05/model/date.go:43.2,44.53 2 1
github.com/MarkWestbroek/Bitemporal_2026/bitemporal_go_API_v05/model/date.go:44.53,46.3 1 0
github.com/MarkWestbroek/Bitemporal_2026/bitemporal_go_API_v05/model/date.go:48.2,49.16 2 1
github.com/MarkWestbroek/Bitemporal_2026/bitemporal_go_API_v05/model/date.go:49.16,51.3 1 0
github.com/MarkWestbroek/Bitemporal_2026/bitemporal_go_API_v05/model/date.go:53.2,54.12 2 1
github.com/MarkWestbroek/Bitemporal_2026/bitemporal_go_API_v05/model/date.go:57.45,58.21 1 0
github.com/MarkWestbroek/Bitemporal_2026/bitemporal_go_API_v05/model/date.go:58.21,60.3 1 0
github.com/MarkWestbroek/Bitemporal_2026/bitemporal_go_API_v05/model/date.go:61.2,61.39 1 0
github.com/MarkWestbroek/Bitemporal_2026/bitemporal_go_API_v05/model/date.go:64.36,65.16 1 0
github.com/MarkWestbroek/Bitemporal_2026/bitemporal_go_API_v05/model/date.go:65.16,68.3 2 0
github.com/MarkWestbroek/Bitemporal_2026/bitemporal_go_API_v05/model/date.go:70.2,70.29 1 0
github.com/MarkWestbroek/Bitemporal_2026/bitemporal_go_API_v05/model/date.go:71.17,73.13 2 0
github.com/MarkWestbroek/Bitemporal_2026/bitemporal_go_API_v05/model/date.go:74.14,76.17 2 0
github.com/MarkWestbroek/Bitemporal_2026/bitemporal_go_API_v05/model/date.go:76.17,78.4 1 0
github.com/MarkWestbroek/Bitemporal_2026/bitemporal_go_API_v05/model/date.go:79.3,80.13 2 0
github.com/MarkWestbroek/Bitemporal_2026/bitemporal_go_API_v05/model/date.go:81.14,83.17 2 0
github.com/MarkWestbroek/Bitemporal_2026/bitemporal_go_API_v05/model/date.go:83.17,85.4 1 0
github.com/MarkWestbroek/Bitemporal_2026/bitemporal_go_API_v05/model/date.go:86.3,87.13 2 0
github.com/MarkWestbroek/Bitemporal_2026/bitemporal_go_API_v05/model/date.go:88.10,89.50 1 0
github.com/MarkWestbroek/Bitemporal_2026/bitemporal_go_API_v05/model/debug_flags.go:8.30,11.2 2 0
github.com/MarkWestbroek/Bitemporal_2026/bitemporal_go_API_v05/model/equal.go:5.39,7.2 1 1
github.com/MarkWestbroek/Bitemporal_2026/bitemporal_go_API_v05/model/full_models.go:18.37,18.52 1 0
github.com/MarkWestbroek/Bitemporal_2026/bitemporal_go_API_v05/model/full_models.go:19.37,19.64 1 0
github.com/MarkWestbroek/Bitemporal_2026/bitemporal_go_API_v05/model/full_models.go:20.37,20.49 1 0
github.com/MarkWestbroek/Bitemporal_2026/bitemporal_go_API_v05/model/full_models.go:21.37,21.52 1 0
github.com/MarkWestbroek/Bitemporal_2026/bitemporal_go_API_v05/model/full_models.go:22.37,22.64 1 0
github.com/MarkWestbroek/Bitemporal_2026/bitemporal_go_API_v05/model/full_models.go:23.37,23.49 1 0
github.com/MarkWestbroek/Bitemporal_2026/bitemporal_go_API_v05/model/full_models.go:26.84,29.22 2 0
github.com/MarkWestbroek/Bitemporal_2026/bitemporal_go_API_v05/model/full_models.go:29.22,30.24 1 0
github.com/MarkWestbroek/Bitemporal_2026/bitemporal_go_API_v05/model/full_models.go:30.24,32.4 1 0
github.com/MarkWestbroek/Bitemporal_2026/bitemporal_go_API_v05/model/full_models.go:33.3,33.96 1 0
github.com/MarkWestbroek/Bitemporal_2026/bitemporal_go_API_v05/model/full_models.go:36.2,36.22 1 0
github.com/MarkWestbroek/Bitemporal_2026/bitemporal_go_API_v05/model/full_models.go:36.22,37.24 1 0
github.com/MarkWestbroek/Bitemporal_2026/bitemporal_go_API_v05/model/full_models.go:37.24,39.4 1 0
github.com/MarkWestbroek/Bitemporal_2026/bitemporal_go_API_v05/model/full_models.go:40.3,40.96 1 0
github.com/MarkWestbroek/Bitemporal_2026/bitemporal_go_API_v05/model/full_models.go:43.2,43.22 1 0
github.com/MarkWestbroek/Bitemporal_2026/bitemporal_go_API_v05/model/full_models.go:43.22,44.24 1 0
github.com/MarkWestbroek/Bitemporal_2026/bitemporal_go_API_v05/model/full_models.go:44.24,46.4 1 0
github.com/MarkWestbroek/Bitemporal_2026/bitemporal_go_API_v05/model/full_models.go:47.3,47.96 1 0
github.com/MarkWestbroek/Bitemporal_2026/bitemporal_go_API_v05/model/full_models.go:50.2,50.26 1 0
github.com/MarkWestbroek/Bitemporal_2026/bitemporal_go_API_v05/model/full_models.go:50.26,51.28 1 0
github.com/MarkWestbroek/Bitemporal_2026/bitemporal_go_API_v05/model/full_models.go:51.28,53.4 1 0
github.com/MarkWestbroek/Bitemporal_2026/bitemporal_go_API_v05/model/full_models.go:54.3,54.104 1 0
github.com/MarkWestbroek/Bitemporal_2026/bitemporal_go_API_v05/model/full_models.go:57.2,57.15 1 0
github.com/MarkWestbroek/Bitemporal_2026/bitemporal_go_API_v05/model/full_models.go:61.84,64.22 2 0
github.com/MarkWestbroek/Bitemporal_2026/bitemporal_go_API_v05/model/full_models.go:64.22,65.24 1 0
github.com/MarkWestbroek/Bitemporal_2026/bitemporal_go_API_v05/model/full_models.go:65.24,67.4 1 0
github.com/MarkWestbroek/Bitemporal_2026/bitemporal_go_API_v05/model/full_models.go:68.3,68.96 1 0
github.com/MarkWestbroek/Bitemporal_2026/bitemporal_go_API_v05/model/full_models.go:71.2,71.22 1 0
github.com/MarkWestbroek/Bitemporal_2026/bitemporal_go_API_v05/model/full_models.go:71.22,72.24 1 0
github.com/MarkWestbroek/Bitemporal_2026/bitemporal_go_API_v05/model/full_models.go:72.24,74.4 1 0
github.com/MarkWestbroek/Bitemporal_2026/bitemporal_go_API_v05/model/full_models.go:75.3,75.96 1 0
github.com/MarkWestbroek/Bitemporal_2026/bitemporal_go_API_v05/model/full_models.go:78.2,78.15 1 0
github.com/MarkWestbroek/Bitemporal_2026/bitemporal_go_API_v05/model/metaregistry.go:15.38,15.58 1 0
github.com/MarkWestbroek/Bitemporal_2026/bitemporal_go_API_v05/model/metaregistry.go:16.28,16.50 1 0
github.com/MarkWestbroek/Bitemporal_2026/bitemporal_go_API_v05/model/metaregistry.go:20.40,20.61 1 0
github.com/MarkWestbroek/Bitemporal_2026/bitemporal_go_API_v05/model/metaregistry.go:21.30,21.53 1 0
github.com/MarkWestbroek/Bitemporal_2026/bitemporal_go_API_v05/model/metaregistry.go:46.38,46.58 1 0
github.com/MarkWestbroek/Bitemporal_2026/bitemporal_go_API_v05/model/metaregistry.go:47.28,47.50 1 0
github.com/MarkWestbroek/Bitemporal_2026/bitemporal_go_API_v05/model/metaregistry.go:51.40,51.61 1 0
github.com/MarkWestbroek/Bitemporal_2026/bitemporal_go_API_v05/model/metaregistry.go:52.30,52.53 1 0
github.com/MarkWestbroek/Bitemporal_2026/bitemporal_go_API_v05/model/metaregistry.go:75.34,75.55 1 0
github.com/MarkWestbroek/Bitemporal_2026/bitemporal_go_API_v05/model/metaregistry.go:79.40,79.61 1 0
github.com/MarkWestbroek/Bitemporal_2026/bitemporal_go_API_v05/model/metaregistry.go:80.30,80.53 1 0
github.com/MarkWestbroek/Bitemporal_2026/bitemporal_go_API_v05/model/metaregistry.go:99.34,99.51 1 0
github.com/MarkWestbroek/Bitemporal_2026/bitemporal_go_API_v05/model/metaregistry.go:103.40,103.57 1 0
github.com/MarkWestbroek/Bitemporal_2026/bitemporal_go_API_v05/model/metaregistry.go:104.30,104.49 1 0
github.com/MarkWestbroek/Bitemporal_2026/bitemporal_go_API_v05/model/metaregistry.go:123.34,123.51 1 0
github.com/MarkWestbroek/Bitemporal_2026/bitemporal_go_API_v05/model/metaregistry.go:127.40,127.57 1 0
github.com/MarkWestbroek/Bitemporal_2026/bitemporal_go_API_v05/model/metaregistry.go:128.30,128.49 1 0
github.com/MarkWestbroek/Bitemporal_2026/bitemporal_go_API_v05/model/metaregistry.go:147.34,147.51 1 0
github.com/MarkWestbroek/Bitemporal_2026/bitemporal_go_API_v05/model/metaregistry.go:151.40,151.57 1 0
github.com/MarkWestbroek/Bitemporal_2026/bitemporal_go_API_v05/model/metaregistry.go:152.30,152.49 1 0
github.com/MarkWestbroek/Bitemporal_2026/bitemporal_go_API_v05/model/metaregistry.go:171.34,171.51 1 0
github.com/MarkWestbroek/Bitemporal_2026/bitemporal_go_API_v05/model/metaregistry.go:175.40,175.57 1 0
github.com/MarkWestbroek/Bitemporal_2026/bitemporal_go_API_v05/model/metaregistry.go:176.30,176.49 1 0
github.com/MarkWestbroek/Bitemporal_2026/bitemporal_go_API_v05/model/metaregistry.go:195.34,195.51 1 0
github.com/MarkWestbroek/Bitemporal_2026/bitemporal_go_API_v05/model/metaregistry.go:199.40,199.57 1 0
github.com/MarkWestbroek/Bitemporal_2026/bitemporal_go_API_v05/model/metaregistry.go:200.30,200.49 1 0
github.com/MarkWestbroek/Bitemporal_2026/bitemporal_go_API_v05/model/metaregistry_plumbing.go:108.73,111.2 2 0
github.com/MarkWestbroek/Bitemporal_2026/bitemporal_go_API_v05/model/metaregistry_plumbing.go:114.66,116.9 2 0
github.com/MarkWestbroek/Bitemporal_2026/bitemporal_go_API_v05/model/metaregistry_plumbing.go:116.9,117.37 1 0
github.com/MarkWestbroek/Bitemporal_2026/bitemporal_go_API_v05/model/metaregistry_plumbing.go:119.2,119.13 1 0
github.com/MarkWestbroek/Bitemporal_2026/bitemporal_go_API_v05/model/metaregistry_plumbing.go:123.75,124.25 1 0
github.com/MarkWestbroek/Bitemporal_2026/bitemporal_go_API_v05/model/metaregistry_plumbing.go:124.25,125.32 1 0
github.com/MarkWestbroek/Bitemporal_2026/bitemporal_go_API_v05/model/metaregistry_plumbing.go:125.32,127.4 1 0
github.com/MarkWestbroek/Bitemporal_2026/bitemporal_go_API_v05/model/metaregistry_plumbing.go:129.2,129.26 1 0
github.com/MarkWestbroek/Bitemporal_2026/bitemporal_go_API_v05/model/metaregistry_plumbing.go:133.110,134.31 1 1
github.com/MarkWestbroek/Bitemporal_2026/bitemporal_go_API_v05/model/metaregistry_plumbing.go:134.31,135.46 1 1
github.com/MarkWestbroek/Bitemporal_2026/bitemporal_go_API_v05/model/metaregistry_plumbing.go:135.46,136.12 1 1
github.com/MarkWestbroek/Bitemporal_2026/bitemporal_go_API_v05/model/metaregistry_plumbing.go:139.3,139.65 1 1
github.com/MarkWestbroek/Bitemporal_2026/bitemporal_go_API_v05/model/metaregistry_plumbing.go:139.65,140.37 1 1
github.com/MarkWestbroek/Bitemporal_2026/bitemporal_go_API_v05/model/metaregistry_plumbing.go:140.37,145.5 1 1
github.com/MarkWestbroek/Bitemporal_2026/bitemporal_go_API_v05/model/metaregistry_plumbing.go:149.2,149.42 1 1
github.com/MarkWestbroek/Bitemporal_2026/bitemporal_go_API_v05/model/metaregistry_plumbing.go:153.44,154.48 1 0
github.com/MarkWestbroek/Bitemporal_2026/bitemporal_go_API_v05/model/metaregistry_plumbing.go:154.48,156.3 1 0
github.com/MarkWestbroek/Bitemporal_2026/bitemporal_go_API_v05/model/metaregistry_plumbing.go:158.2,159.55 2 0
github.com/MarkWestbroek/Bitemporal_2026/bitemporal_go_API_v05/model/metaregistry_plumbing.go:159.55,161.3 1 0
github.com/MarkWestbroek/Bitemporal_2026/bitemporal_go_API_v05/model/metaregistry_plumbing.go:163.2,163.14 1 0
github.com/MarkWestbroek/Bitemporal_2026/bitemporal_go_API_v05/model/model_plumbing.go:98.35,100.2 1 0
github.com/MarkWestbroek/Bitemporal_2026/bitemporal_go_API_v05/model/model_plumbing.go:102.34,104.2 1 0
github.com/MarkWestbroek/Bitemporal_2026/bitemporal_go_API_v05/model/model_plumbing.go:106.42,108.2 1 0
github.com/MarkWestbroek/Bitemporal_2026/bitemporal_go_API_v05/model/model_plumbing.go:168.45,170.2 1 0
github.com/MarkWestbroek/Bitemporal_2026/bitemporal_go_API_v05/model/model_plumbing.go:172.43,174.2 1 0
github.com/MarkWestbroek/Bitemporal_2026/bitemporal_go_API_v05/model/model_plumbing.go:176.48,178.2 1 0
github.com/MarkWestbroek/Bitemporal_2026/bitemporal_go_API_v05/model/model_plumbing.go:182.58,192.51 3 0
github.com/MarkWestbroek/Bitemporal_2026/bitemporal_go_API_v05/model/model_plumbing.go:192.51,194.3 1 0
github.com/MarkWestbroek/Bitemporal_2026/bitemporal_go_API_v05/model/model_plumbing.go:196.2,198.83 2 0
github.com/MarkWestbroek/Bitemporal_2026/bitemporal_go_API_v05/model/model_plumbing.go:198.83,200.3 1 0
github.com/MarkWestbroek/Bitemporal_2026/bitemporal_go_API_v05/model/model_plumbing.go:201.2,201.89 1 0
github.com/MarkWestbroek/Bitemporal_2026/bitemporal_go_API_v05/model/model_plumbing.go:201.89,203.3 1 0
github.com/MarkWestbroek/Bitemporal_2026/bitemporal_go_API_v05/model/model_plumbing.go:205.2,205.12 1 0
github.com/MarkWestbroek/Bitemporal_2026/bitemporal_go_API_v05/model/model_plumbing.go:209.36,209.53 1 0
github.com/MarkWestbroek/Bitemporal_2026/bitemporal_go_API_v05/model/model_plumbing.go:210.36,210.53 1 0
github.com/MarkWestbroek/Bitemporal_2026/bitemporal_go_API_v05/model/models.go:11.38,11.53 1 0
github.com/MarkWestbroek/Bitemporal_2026/bitemporal_go_API_v05/model/models.go:12.38,12.65 1 0
github.com/MarkWestbroek/Bitemporal_2026/bitemporal_go_API_v05/model/models.go:13.38,13.50 1 0
github.com/MarkWestbroek/Bitemporal_2026/bitemporal_go_API_v05/model/models.go:15.38,15.53 1 0
github.com/MarkWestbroek/Bitemporal_2026/bitemporal_go_API_v05/model/models.go:16.38,16.65 1 0
github.com/MarkWestbroek/Bitemporal_2026/bitemporal_go_API_v05/model/models.go:17.38,17.50 1 0
github.com/MarkWestbroek/Bitemporal_2026/bitemporal_go_API_v05/model/models.go:20.38,20.57 1 0
github.com/MarkWestbroek/Bitemporal_2026/bitemporal_go_API_v05/model/models.go:21.38,21.64 1 0
github.com/MarkWestbroek/Bitemporal_2026/bitemporal_go_API_v05/model/models.go:22.38,22.54 1 0
github.com/MarkWestbroek/Bitemporal_2026/bitemporal_go_API_v05/model/models.go:25.35,25.55 1 0
github.com/MarkWestbroek/Bitemporal_2026/bitemporal_go_API_v05/model/models.go:26.35,26.69 1 0
github.com/MarkWestbroek/Bitemporal_2026/bitemporal_go_API_v05/model/models.go:27.35,27.52 1 0
github.com/MarkWestbroek/Bitemporal_2026/bitemporal_go_API_v05/model/models.go:29.35,29.55 1 0
github.com/MarkWestbroek/Bitemporal_2026/bitemporal_go_API_v05/model/models.go:30.35,30.69 1 0
github.com/MarkWestbroek/Bitemporal_2026/bitemporal_go_API_v05/model/models.go:31.35,31.52 1 0
github.com/MarkWestbroek/Bitemporal_2026/bitemporal_go_API_v05/model/models.go:33.35,33.55 1 0
github.com/MarkWestbroek/Bitemporal_2026/bitemporal_go_API_v05/model/models.go:34.35,34.69 1 0
github.com/MarkWestbroek/Bitemporal_2026/bitemporal_go_API_v05/model/models.go:35.35,35.52 1 0
github.com/MarkWestbroek/Bitemporal_2026/bitemporal_go_API_v05/model/models.go:37.35,37.55 1 0
github.com/MarkWestbroek/Bitemporal_2026/bitemporal_go_API_v05/model/models.go:38.35,38.69 1 0
github.com/MarkWestbroek/Bitemporal_2026/bitemporal_go_API_v05/model/models.go:39.35,39.52 1 0
github.com/MarkWestbroek/Bitemporal_2026/bitemporal_go_API_v05/model/models.go:41.35,41.55 1 0
github.com/MarkWestbroek/Bitemporal_2026/bitemporal_go_API_v05/model/models.go:42.35,42.69 1 0
github.com/MarkWestbroek/Bitemporal_2026/bitemporal_go_API_v05/model/models.go:43.35,43.52 1 0
github.com/MarkWestbroek/Bitemporal_2026/bitemporal_go_API_v05/model/models.go:155.43,155.62 1 0
github.com/MarkWestbroek/Bitemporal_2026/bitemporal_go_API_v05/model/models.go:156.43,156.59 1 0
github.com/MarkWestbroek/Bitemporal_2026/bitemporal_go_API_v05/model/models.go:157.43,157.62 1 0
github.com/MarkWestbroek/Bitemporal_2026/bitemporal_go_API_v05/model/models.go:158.43,158.59 1 0
github.com/MarkWestbroek/Bitemporal_2026/bitemporal_go_API_v05/model/models.go:160.43,160.62 1 0
github.com/MarkWestbroek/Bitemporal_2026/bitemporal_go_API_v05/model/models.go:161.43,161.59 1 0
github.com/MarkWestbroek/Bitemporal_2026/bitemporal_go_API_v05/model/models.go:162.43,162.62 1 0
github.com/MarkWestbroek/Bitemporal_2026/bitemporal_go_API_v05/model/models.go:163.43,163.59 1 0
github.com/MarkWestbroek/Bitemporal_2026/bitemporal_go_API_v05/model/models.go:165.43,165.62 1 0
github.com/MarkWestbroek/Bitemporal_2026/bitemporal_go_API_v05/model/models.go:166.43,166.59 1 0
github.com/MarkWestbroek/Bitemporal_2026/bitemporal_go_API_v05/model/models.go:167.43,167.62 1 0
github.com/MarkWestbroek/Bitemporal_2026/bitemporal_go_API_v05/model/models.go:168.43,168.59 1 0
github.com/MarkWestbroek/Bitemporal_2026/bitemporal_go_API_v05/model/models.go:170.40,170.60 1 0
github.com/MarkWestbroek/Bitemporal_2026/bitemporal_go_API_v05/model/models.go:171.40,171.57 1 0
github.com/MarkWestbroek/Bitemporal_2026/bitemporal_go_API_v05/model/models.go:172.40,172.60 1 0
github.com/MarkWestbroek/Bitemporal_2026/bitemporal_go_API_v05/model/models.go:173.40,173.57 1 0
github.com/MarkWestbroek/Bitemporal_2026/bitemporal_go_API_v05/model/models.go:175.40,175.60 1 0
github.com/MarkWestbroek/Bitemporal_2026/bitemporal_go_API_v05/model/models.go:176.40,176.57 1 0
github.com/MarkWestbroek/Bitemporal_2026/bitemporal_go_API_v05/model/models.go:177.40,177.60 1 0
github.com/MarkWestbroek/Bitemporal_2026/bitemporal_go_API_v05/model/models.go:178.40,178.57 1 0
github.com/MarkWestbroek/Bitemporal_2026/bitemporal_go_API_v05/model/models.go:180.40,180.60 1 0
github.com/MarkWestbroek/Bitemporal_2026/bitemporal_go_API_v05/model/models.go:181.40,181.57 1 0
github.com/MarkWestbroek/Bitemporal_2026/bitemporal_go_API_v05/model/models.go:182.40,182.60 1 0
github.com/MarkWestbroek/Bitemporal_2026/bitemporal_go_API_v05/model/models.go:183.40,183.57 1 0
github.com/MarkWestbroek/Bitemporal_2026/bitemporal_go_API_v05/model/models.go:185.40,185.60 1 0
github.com/MarkWestbroek/Bitemporal_2026/bitemporal_go_API_v05/model/models.go:186.40,186.57 1 0
github.com/MarkWestbroek/Bitemporal_2026/bitemporal_go_API_v05/model/models.go:187.40,187.60 1 0
github.com/MarkWestbroek/Bitemporal_2026/bitemporal_go_API_v05/model/models.go:188.40,188.57 1 0
github.com/MarkWestbroek/Bitemporal_2026/bitemporal_go_API_v05/model/models.go:190.40,190.60 1 0
github.com/MarkWestbroek/Bitemporal_2026/bitemporal_go_API_v05/model/models.go:191.40,191.57 1 0
github.com/MarkWestbroek/Bitemporal_2026/bitemporal_go_API_v05/model/models.go:192.40,192.60 1 0
github.com/MarkWestbroek/Bitemporal_2026/bitemporal_go_API_v05/model/models.go:193.40,193.57 1 0
github.com/MarkWestbroek/Bitemporal_2026/bitemporal_go_API_v05/model/models.go:195.42,195.61 1 0
github.com/MarkWestbroek/Bitemporal_2026/bitemporal_go_API_v05/model/models.go:196.42,196.58 1 0
github.com/MarkWestbroek/Bitemporal_2026/bitemporal_go_API_v05/model/models.go:197.42,197.61 1 0
github.com/MarkWestbroek/Bitemporal_2026/bitemporal_go_API_v05/model/models.go:198.42,198.58 1 0
github.com/MarkWestbroek/Bitemporal_2026/bitemporal_go_API_v05/model/models.go:200.42,200.61 1 0
github.com/MarkWestbroek/Bitemporal_2026/bitemporal_go_API_v05/model/models.go:201.42,201.58 1 0
github.com/MarkWestbroek/Bitemporal_2026/bitemporal_go_API_v05/model/models.go:202.42,202.61 1 0
github.com/MarkWestbroek/Bitemporal_2026/bitemporal_go_API_v05/model/models.go:203.42,203.58 1 0
github.com/MarkWestbroek/Bitemporal_2026/bitemporal_go_API_v05/model/models.go:206.44,206.72 1 0
github.com/MarkWestbroek/Bitemporal_2026/bitemporal_go_API_v05/model/models.go:207.44,207.69 1 0
github.com/MarkWestbroek/Bitemporal_2026/bitemporal_go_API_v05/model/models.go:208.44,208.68 1 0
github.com/MarkWestbroek/Bitemporal_2026/bitemporal_go_API_v05/model/models.go:209.44,209.65 1 0
github.com/MarkWestbroek/Bitemporal_2026/bitemporal_go_API_v05/model/models.go:211.44,211.72 1 0
github.com/MarkWestbroek/Bitemporal_2026/bitemporal_go_API_v05/model/models.go:212.44,212.69 1 0
github.com/MarkWestbroek/Bitemporal_2026/bitemporal_go_API_v05/model/models.go:213.44,213.68 1 0
github.com/MarkWestbroek/Bitemporal_2026/bitemporal_go_API_v05/model/models.go:214.44,214.65 1 0
github.com/MarkWestbroek/Bitemporal_2026/bitemporal_go_API_v05/model/models.go:216.44,216.72 1 0
github.com/MarkWestbroek/Bitemporal_2026/bitemporal_go_API_v05/model/models.go:217.44,217.69 1 0
github.com/MarkWestbroek/Bitemporal_2026/bitemporal_go_API_v05/model/models.go:218.44,218.68 1 0
github.com/MarkWestbroek/Bitemporal_2026/bitemporal_go_API_v05/model/models.go:219.44,219.65 1 0
github.com/MarkWestbroek/Bitemporal_2026/bitemporal_go_API_v05/model/models.go:224.34,224.69 1 0
github.com/MarkWestbroek/Bitemporal_2026/bitemporal_go_API_v05/model/models.go:225.34,225.69 1 0
github.com/MarkWestbroek/Bitemporal_2026/bitemporal_go_API_v05/model/models.go:226.34,226.69 1 0
github.com/MarkWestbroek/Bitemporal_2026/bitemporal_go_API_v05/model/models.go:227.34,227.70 1 0
github.com/MarkWestbroek/Bitemporal_2026/bitemporal_go_API_v05/model/models.go:228.34,228.70 1 0
github.com/MarkWestbroek/Bitemporal_2026/bitemporal_go_API_v05/model/models.go:229.34,229.70 1 0
github.com/MarkWestbroek/Bitemporal_2026/bitemporal_go_API_v05/model/models.go:230.34,230.70 1 0
github.com/MarkWestbroek/Bitemporal_2026/bitemporal_go_API_v05/model/models.go:231.34,231.70 1 0
github.com/MarkWestbroek/Bitemporal_2026/bitemporal_go_API_v05/model/models.go:232.34,232.69 1 0
github.com/MarkWestbroek/Bitemporal_2026/bitemporal_go_API_v05/model/models.go:233.34,233.69 1 0
github.com/MarkWestbroek/Bitemporal_2026/bitemporal_go_API_v05/model/nested.go:35.42,45.16 4 0
github.com/MarkWestbroek/Bitemporal_2026/bitemporal_go_API_v05/model/nested.go:45.16,47.3 1 0
github.com/MarkWestbroek/Bitemporal_2026/bitemporal_go_API_v05/model/nested.go:49.2,49.19 1 0
github.com/MarkWestbroek/Bitemporal_2026/bitemporal_go_API_v05/model/representatie_string.go:12.54,13.16 1 0
github.com/MarkWestbroek/Bitemporal_2026/bitemporal_go_API_v05/model/representatie_string.go:13.16,15.3 1 0
github.com/MarkWestbroek/Bitemporal_2026/bitemporal_go_API_v05/model/representatie_string.go:17.2,20.25 4 0
github.com/MarkWestbroek/Bitemporal_2026/bitemporal_go_API_v05/model/representatie_string.go:23.119,26.22 2 0
github.com/MarkWestbroek/Bitemporal_2026/bitemporal_go_API_v05/model/representatie_string.go:26.22,29.3 2 0
github.com/MarkWestbroek/Bitemporal_2026/bitemporal_go_API_v05/model/representatie_string.go:31.2,31.75 1 0
github.com/MarkWestbroek/Bitemporal_2026/bitemporal_go_API_v05/model/representatie_string.go:31.75,32.20 1 0
github.com/MarkWestbroek/Bitemporal_2026/bitemporal_go_API_v05/model/representatie_string.go:32.20,35.4 2 0
github.com/MarkWestbroek/Bitemporal_2026/bitemporal_go_API_v05/model/representatie_string.go:37.3,37.38 1 0
github.com/MarkWestbroek/Bitemporal_2026/bitemporal_go_API_v05/model/representatie_string.go:37.38,39.16 2 0
github.com/MarkWestbroek/Bitemporal_2026/bitemporal_go_API_v05/model/representatie_string.go:39.16,40.21 1 0
github.com/MarkWestbroek/Bitemporal_2026/bitemporal_go_API_v05/model/representatie_string.go:40.21,43.6 2 0
github.com/MarkWestbroek/Bitemporal_2026/bitemporal_go_API_v05/model/representatie_string.go:44.5,44.24 1 0
github.com/MarkWestbroek/Bitemporal_2026/bitemporal_go_API_v05/model/representatie_string.go:48.3,48.23 1 0
github.com/MarkWestbroek/Bitemporal_2026/bitemporal_go_API_v05/model/representatie_string.go:51.2,51.26 1 0
github.com/MarkWestbroek/Bitemporal_2026/bitemporal_go_API_v05/model/representatie_string.go:51.26,52.55 1 0
github.com/MarkWestbroek/Bitemporal_2026/bitemporal_go_API_v05/model/representatie_string.go:52.55,54.4 1 0
github.com/MarkWestbroek/Bitemporal_2026/bitemporal_go_API_v05/model/representatie_string.go:57.2,57.49 1 0
github.com/MarkWestbroek/Bitemporal_2026/bitemporal_go_API_v05/model/representatie_string.go:57.49,61.3 3 0
github.com/MarkWestbroek/Bitemporal_2026/bitemporal_go_API_v05/model/representatie_string.go:63.2,63.30 1 0
github.com/MarkWestbroek/Bitemporal_2026/bitemporal_go_API_v05/model/representatie_string.go:63.30,67.3 3 0
github.com/MarkWestbroek/Bitemporal_2026/bitemporal_go_API_v05/model/representatie_string.go:69.2,69.22 1 0
github.com/MarkWestbroek/Bitemporal_2026/bitemporal_go_API_v05/model/representatie_string.go:70.22,72.41 2 0
github.com/MarkWestbroek/Bitemporal_2026/bitemporal_go_API_v05/model/representatie_string.go:72.41,76.31 3 0
github.com/MarkWestbroek/Bitemporal_2026/bitemporal_go_API_v05/model/representatie_string.go:76.31,77.13 1 0
github.com/MarkWestbroek/Bitemporal_2026/bitemporal_go_API_v05/model/representatie_string.go:80.4,80.73 1 0
github.com/MarkWestbroek/Bitemporal_2026/bitemporal_go_API_v05/model/representatie_string.go:80.73,81.13 1 0
github.com/MarkWestbroek/Bitemporal_2026/bitemporal_go_API_v05/model/representatie_string.go:84.4,84.38 1 0
github.com/MarkWestbroek/Bitemporal_2026/bitemporal_go_API_v05/model/representatie_string.go:84.38,85.13 1 0
github.com/MarkWestbroek/Bitemporal_2026/bitemporal_go_API_v05/model/representatie_string.go:88.4,88.73 1 0
github.com/MarkWestbroek/Bitemporal_2026/bitemporal_go_API_v05/model/representatie_string.go:90.36,91.36 1 0
github.com/MarkWestbroek/Bitemporal_2026/bitemporal_go_API_v05/model/representatie_string.go:91.36,94.4 2 0
github.com/MarkWestbroek/Bitemporal_2026/bitemporal_go_API_v05/model/representatie_string.go:95.10,96.27 1 0
github.com/MarkWestbroek/Bitemporal_2026/bitemporal_go_API_v05/model/representatie_string.go:96.27,98.4 1 0
github.com/MarkWestbroek/Bitemporal_2026/bitemporal_go_API_v05/model/representatie_string.go:102.51,104.81 2 0
github.com/MarkWestbroek/Bitemporal_2026/bitemporal_go_API_v05/model/representatie_string.go:104.81,105.23 1 0
github.com/MarkWestbroek/Bitemporal_2026/bitemporal_go_API_v05/model/representatie_string.go:105.23,107.4 1 0
github.com/MarkWestbroek/Bitemporal_2026/bitemporal_go_API_v05/model/representatie_string.go:108.3,108.29 1 0
github.com/MarkWestbroek/Bitemporal_2026/bitemporal_go_API_v05/model/representatie_string.go:111.2,111.26 1 0
github.com/MarkWestbroek/Bitemporal_2026/bitemporal_go_API_v05/handlers/admin_handler.go:13.33,15.2 1 0
github.com/MarkWestbroek/Bitemporal_2026/bitemporal_go_API_v05/handlers/admin_handler.go:17.42,19.20 2 0
github.com/MarkWestbroek/Bitemporal_2026/bitemporal_go_API_v05/handlers/admin_handler.go:19.20,21.3 1 0
github.com/MarkWestbroek/Bitemporal_2026/bitemporal_go_API_v05/handlers/admin_handler.go:22.2,22.17 1 0
github.com/MarkWestbroek/Bitemporal_2026/bitemporal_go_API_v05/handlers/admin_handler.go:25.33,28.28 2 0
github.com/MarkWestbroek/Bitemporal_2026/bitemporal_go_API_v05/handlers/admin_handler.go:28.28,31.3 2 0
github.com/MarkWestbroek/Bitemporal_2026/bitemporal_go_API_v05/handlers/admin_handler.go:33.2,33.46 1 0
github.com/MarkWestbroek/Bitemporal_2026/bitemporal_go_API_v05/handlers/admin_handler.go:33.46,36.3 2 0
github.com/MarkWestbroek/Bitemporal_2026/bitemporal_go_API_v05/handlers/admin_handler.go:38.2,38.15 1 0
github.com/MarkWestbroek/Bitemporal_2026/bitemporal_go_API_v05/handlers/admin_handler.go:38.15,41.3 2 0
github.com/MarkWestbroek/Bitemporal_2026/bitemporal_go_API_v05/handlers/admin_handler.go:43.2,44.16 2 0
github.com/MarkWestbroek/Bitemporal_2026/bitemporal_go_API_v05/handlers/admin_handler.go:44.16,47.3 2 0
github.com/MarkWestbroek/Bitemporal_2026/bitemporal_go_API_v05/handlers/admin_handler.go:49.2,49.72 1 0
github.com/MarkWestbroek/Bitemporal_2026/bitemporal_go_API_v05/handlers/admin_handler.go:53.35,54.15 1 0
github.com/MarkWestbroek/Bitemporal_2026/bitemporal_go_API_v05/handlers/admin_handler.go:54.15,57.3 2 0
github.com/MarkWestbroek/Bitemporal_2026/bitemporal_go_API_v05/handlers/admin_handler.go:59.2,60.16 2 0
github.com/MarkWestbroek/Bitemporal_2026/bitemporal_go_API_v05/handlers/admin_handler.go:60.16,63.3 2 0
github.com/MarkWestbroek/Bitemporal_2026/bitemporal_go_API_v05/handlers/admin_handler.go:65.2,65.98 1 0
github.com/MarkWestbroek/Bitemporal_2026/bitemporal_go_API_v05/handlers/core_handlers.go:31.78,32.30 1 0
github.com/MarkWestbroek/Bitemporal_2026/bitemporal_go_API_v05/handlers/core_handlers.go:32.30,34.54 2 0
github.com/MarkWestbroek/Bitemporal_2026/bitemporal_go_API_v05/handlers/core_handlers.go:34.54,37.4 2 0
github.com/MarkWestbroek/Bitemporal_2026/bitemporal_go_API_v05/handlers/core_handlers.go:55.3,56.17 2 0
github.com/MarkWestbroek/Bitemporal_2026/bitemporal_go_API_v05/handlers/core_handlers.go:56.17,59.4 2 0
github.com/MarkWestbroek/Bitemporal_2026/bitemporal_go_API_v05/handlers/core_handlers.go:61.3,61.73 1 0
github.com/MarkWestbroek/Bitemporal_2026/bitemporal_go_API_v05/handlers/core_handlers.go:66.72,67.30 1 0
github.com/MarkWestbroek/Bitemporal_2026/bitemporal_go_API_v05/handlers/core_handlers.go:67.30,77.36 4 0
github.com/MarkWestbroek/Bitemporal_2026/bitemporal_go_API_v05/handlers/core_handlers.go:77.36,79.28 2 0
github.com/MarkWestbroek/Bitemporal_2026/bitemporal_go_API_v05/handlers/core_handlers.go:79.28,82.5 2 0
github.com/MarkWestbroek/Bitemporal_2026/bitemporal_go_API_v05/handlers/core_handlers.go:83.4,83.12 1 0
github.com/MarkWestbroek/Bitemporal_2026/bitemporal_go_API_v05/handlers/core_handlers.go:86.3,86.36 1 0
github.com/MarkWestbroek/Bitemporal_2026/bitemporal_go_API_v05/handlers/core_handlers.go:86.36,88.28 2 0
github.com/MarkWestbroek/Bitemporal_2026/bitemporal_go_API_v05/handlers/core_handlers.go:88.28,91.5 2 0
github.com/MarkWestbroek/Bitemporal_2026/bitemporal_go_API_v05/handlers/core_handlers.go:92.4,92.19 1 0
github.com/MarkWestbroek/Bitemporal_2026/bitemporal_go_API_v05/handlers/core_handlers.go:92.19,94.5 1 0
github.com/MarkWestbroek/Bitemporal_2026/bitemporal_go_API_v05/handlers/core_handlers.go:94.10,96.5 1 0
github.com/MarkWestbroek/Bitemporal_2026/bitemporal_go_API_v05/handlers/core_handlers.go:99.3,108.17 4 0
github.com/MarkWestbroek/Bitemporal_2026/bitemporal_go_API_v05/handlers/core_handlers.go:108.17,111.4 2 0
github.com/MarkWestbroek/Bitemporal_2026/bitemporal_go_API_v05/handlers/core_handlers.go:113.3,120.5 2 0
github.com/MarkWestbroek/Bitemporal_2026/bitemporal_go_API_v05/handlers/core_handlers.go:125.78,126.30 1 0
github.com/MarkWestbroek/Bitemporal_2026/bitemporal_go_API_v05/handlers/core_handlers.go:126.30,128.21 2 0
github.com/MarkWestbroek/Bitemporal_2026/bitemporal_go_API_v05/handlers/core_handlers.go:128.21,131.4 2 0
github.com/MarkWestbroek/Bitemporal_2026/bitemporal_go_API_v05/handlers/core_handlers.go:133.3,135.17 3 0
github.com/MarkWestbroek/Bitemporal_2026/bitemporal_go_API_v05/handlers/core_handlers.go:135.17,138.4 2 0
github.com/MarkWestbroek/Bitemporal_2026/bitemporal_go_API_v05/handlers/core_handlers.go:140.3,140.31 1 0
github.com/MarkWestbroek/Bitemporal_2026/bitemporal_go_API_v05/handlers/core_handlers.go:140.31,143.4 2 0
github.com/MarkWestbroek/Bitemporal_2026/bitemporal_go_API_v05/handlers/core_handlers.go:145.3,145.32 1 0
github.com/MarkWestbroek/Bitemporal_2026/bitemporal_go_API_v05/handlers/core_handlers.go:150.72,151.30 1 0
github.com/MarkWestbroek/Bitemporal_2026/bitemporal_go_API_v05/handlers/core_handlers.go:151.30,158.28 2 0
github.com/MarkWestbroek/Bitemporal_2026/bitemporal_go_API_v05/handlers/core_handlers.go:158.28,161.4 2 0
github.com/MarkWestbroek/Bitemporal_2026/bitemporal_go_API_v05/handlers/core_handlers.go:162.3,162.33 1 0
github.com/MarkWestbroek/Bitemporal_2026/bitemporal_go_API_v05/handlers/core_handlers.go:162.33,165.4 2 0
github.com/MarkWestbroek/Bitemporal_2026/bitemporal_go_API_v05/handlers/core_handlers.go:167.3,170.36 3 0
github.com/MarkWestbroek/Bitemporal_2026/bitemporal_go_API_v05/handlers/core_handlers.go:170.36,172.28 2 0
github.com/MarkWestbroek/Bitemporal_2026/bitemporal_go_API_v05/handlers/core_handlers.go:172.28,175.5 2 0
github.com/MarkWestbroek/Bitemporal_2026/bitemporal_go_API_v05/handlers/core_handlers.go:176.4,176.12 1 0
github.com/MarkWestbroek/Bitemporal_2026/bitemporal_go_API_v05/handlers/core_handlers.go:179.3,179.36 1 0
github.com/MarkWestbroek/Bitemporal_2026/bitemporal_go_API_v05/handlers/core_handlers.go:179.36,181.28 2 0
github.com/MarkWestbroek/Bitemporal_2026/bitemporal_go_API_v05/handlers/core_handlers.go:181.28,184.5 2 0
github.com/MarkWestbroek/Bitemporal_2026/bitemporal_go_API_v05/handlers/core_handlers.go:185.4,185.19 1 0
github.com/MarkWestbroek/Bitemporal_2026/bitemporal_go_API_v05/handlers/core_handlers.go:185.19,187.5 1 0
github.com/MarkWestbroek/Bitemporal_2026/bitemporal_go_API_v05/handlers/core_handlers.go:187.10,189.5 1 0
github.com/MarkWestbroek/Bitemporal_2026/bitemporal_go_API_v05/handlers/core_handlers.go:192.3,200.17 4 0
github.com/MarkWestbroek/Bitemporal_2026/bitemporal_go_API_v05/handlers/core_handlers.go:200.17,203.4 2 0
github.com/MarkWestbroek/Bitemporal_2026/bitemporal_go_API_v05/handlers/core_handlers.go:205.3,206.17 2 0
github.com/MarkWestbroek/Bitemporal_2026/bitemporal_go_API_v05/handlers/core_handlers.go:206.17,209.4 2 0
github.com/MarkWestbroek/Bitemporal_2026/bitemporal_go_API_v05/handlers/core_handlers.go:210.3,217.5 2 0
github.com/MarkWestbroek/Bitemporal_2026/bitemporal_go_API_v05/handlers/core_handlers.go:222.70,223.30 1 0
github.com/MarkWestbroek/Bitemporal_2026/bitemporal_go_API_v05/handlers/core_handlers.go:223.30,224.28 1 0
github.com/MarkWestbroek/Bitemporal_2026/bitemporal_go_API_v05/handlers/core_handlers.go:224.28,227.4 2 0
github.com/MarkWestbroek/Bitemporal_2026/bitemporal_go_API_v05/handlers/core_handlers.go:228.3,228.25 1 0
github.com/MarkWestbroek/Bitemporal_2026/bitemporal_go_API_v05/handlers/core_handlers.go:228.25,231.4 2 0
github.com/MarkWestbroek/Bitemporal_2026/bitemporal_go_API_v05/handlers/core_handlers.go:233.3,234.21 2 0
github.com/MarkWestbroek/Bitemporal_2026/bitemporal_go_API_v05/handlers/core_handlers.go:234.21,237.4 2 0
github.com/MarkWestbroek/Bitemporal_2026/bitemporal_go_API_v05/handlers/core_handlers.go:239.3,244.17 3 0
github.com/MarkWestbroek/Bitemporal_2026/bitemporal_go_API_v05/handlers/core_handlers.go:244.17,247.4 2 0
github.com/MarkWestbroek/Bitemporal_2026/bitemporal_go_API_v05/handlers/core_handlers.go:249.3,249.31 1 0
github.com/MarkWestbroek/Bitemporal_2026/bitemporal_go_API_v05/handlers/core_handlers.go:249.31,252.4 2 0
github.com/MarkWestbroek/Bitemporal_2026/bitemporal_go_API_v05/handlers/core_handlers.go:254.3,254.32 1 0
github.com/MarkWestbroek/Bitemporal_2026/bitemporal_go_API_v05/handlers/core_handlers.go:259.70,260.30 1 0
github.com/MarkWestbroek/Bitemporal_2026/bitemporal_go_API_v05/handlers/core_handlers.go:260.30,261.28 1 0
github.com/MarkWestbroek/Bitemporal_2026/bitemporal_go_API_v05/handlers/core_handlers.go:261.28,264.4 2 0
github.com/MarkWestbroek/Bitemporal_2026/bitemporal_go_API_v05/handlers/core_handlers.go:266.3,267.53 2 0
github.com/MarkWestbroek/Bitemporal_2026/bitemporal_go_API_v05/handlers/core_handlers.go:267.53,270.4 2 0
github.com/MarkWestbroek/Bitemporal_2026/bitemporal_go_API_v05/handlers/core_handlers.go:272.3,273.17 2 0
github.com/MarkWestbroek/Bitemporal_2026/bitemporal_go_API_v05/handlers/core_handlers.go:273.17,276.4 2 0
github.com/MarkWestbroek/Bitemporal_2026/bitemporal_go_API_v05/handlers/core_handlers.go:278.3,278.75 1 0
github.com/MarkWestbroek/Bitemporal_2026/bitemporal_go_API_v05/handlers/debug_flags.go:8.30,11.2 2 1
github.com/MarkWestbroek/Bitemporal_2026/bitemporal_go_API_v05/handlers/debug_utils.go:14.45,15.25 1 1
github.com/MarkWestbroek/Bitemporal_2026/bitemporal_go_API_v05/handlers/debug_utils.go:15.25,17.3 1 1
github.com/MarkWestbroek/Bitemporal_2026/bitemporal_go_API_v05/handlers/debug_utils.go:20.2,21.16 2 0
github.com/MarkWestbroek/Bitemporal_2026/bitemporal_go_API_v05/handlers/debug_utils.go:21.16,24.3 2 0
github.com/MarkWestbroek/Bitemporal_2026/bitemporal_go_API_v05/handlers/debug_utils.go:27.2,32.16 4 0
github.com/MarkWestbroek/Bitemporal_2026/bitemporal_go_API_v05/handlers/debug_utils.go:32.16,35.3 2 0
github.com/MarkWestbroek/Bitemporal_2026/bitemporal_go_API_v05/handlers/debug_utils.go:38.2,40.32 3 0
github.com/MarkWestbroek/Bitemporal_2026/bitemporal_go_API_v05/handlers/docs_handler.go:26.34,31.36 4 0
github.com/MarkWestbroek/Bitemporal_2026/bitemporal_go_API_v05/handlers/docs_handler.go:31.36,36.3 1 0
github.com/MarkWestbroek/Bitemporal_2026/bitemporal_go_API_v05/handlers/docs_handler.go:38.2,43.17 2 0
github.com/MarkWestbroek/Bitemporal_2026/bitemporal_go_API_v05/handlers/docs_handler.go:43.17,46.3 2 0
github.com/MarkWestbroek/Bitemporal_2026/bitemporal_go_API_v05/handlers/docs_handler.go:49.33,52.41 3 0
github.com/MarkWestbroek/Bitemporal_2026/bitemporal_go_API_v05/handlers/docs_handler.go:52.41,55.3 2 0
github.com/MarkWestbroek/Bitemporal_2026/bitemporal_go_API_v05/handlers/docs_handler.go:56.2,56.80 1 0
github.com/MarkWestbroek/Bitemporal_2026/bitemporal_go_API_v05/handlers/docs_handler.go:56.80,59.3 2 0
github.com/MarkWestbroek/Bitemporal_2026/bitemporal_go_API_v05/handlers/docs_handler.go:60.2,60.51 1 0
github.com/MarkWestbroek/Bitemporal_2026/bitemporal_go_API_v05/handlers/docs_handler.go:60.51,63.3 2 0
github.com/MarkWestbroek/Bitemporal_2026/bitemporal_go_API_v05/handlers/docs_handler.go:65.2,70.16 5 0
github.com/MarkWestbroek/Bitemporal_2026/bitemporal_go_API_v05/handlers/docs_handler.go:70.16,73.3 2 0
github.com/MarkWestbroek/Bitemporal_2026/bitemporal_go_API_v05/handlers/docs_handler.go:74.2,75.16 2 0
github.com/MarkWestbroek/Bitemporal_2026/bitemporal_go_API_v05/handlers/docs_handler.go:75.16,78.3 2 0
github.com/MarkWestbroek/Bitemporal_2026/bitemporal_go_API_v05/handlers/docs_handler.go:79.2,79.89 1 0
github.com/MarkWestbroek/Bitemporal_2026/bitemporal_go_API_v05/handlers/docs_handler.go:79.89,82.3 2 0
github.com/MarkWestbroek/Bitemporal_2026/bitemporal_go_API_v05/handlers/docs_handler.go:84.2,85.16 2 0
github.com/MarkWestbroek/Bitemporal_2026/bitemporal_go_API_v05/handlers/docs_handler.go:85.16,86.25 1 0
github.com/MarkWestbroek/Bitemporal_2026/bitemporal_go_API_v05/handlers/docs_handler.go:86.25,89.4 2 0
github.com/MarkWestbroek/Bitemporal_2026/bitemporal_go_API_v05/handlers/docs_handler.go:90.3,91.9 2 0
github.com/MarkWestbroek/Bitemporal_2026/bitemporal_go_API_v05/handlers/docs_handler.go:94.2,107.55 3 0
github.com/MarkWestbroek/Bitemporal_2026/bitemporal_go_API_v05/handlers/docs_handler.go:107.55,110.3 2 0
github.com/MarkWestbroek/Bitemporal_2026/bitemporal_go_API_v05/handlers/docs_handler.go:112.2,117.17 2 0
github.com/MarkWestbroek/Bitemporal_2026/bitemporal_go_API_v05/handlers/docs_handler.go:117.17,120.3 2 0
github.com/MarkWestbroek/Bitemporal_2026/bitemporal_go_API_v05/handlers/docs_handler.go:123.31,124.25 1 0
github.com/MarkWestbroek/Bitemporal_2026/bitemporal_go_API_v05/handlers/docs_handler.go:124.25,126.17 2 0
github.com/MarkWestbroek/Bitemporal_2026/bitemporal_go_API_v05/handlers/docs_handler.go:126.17,129.4 2 0
github.com/MarkWestbroek/Bitemporal_2026/bitemporal_go_API_v05/handlers/docs_handler.go:130.3,130.37 1 0
github.com/MarkWestbroek/Bitemporal_2026/bitemporal_go_API_v05/handlers/docs_handler.go:132.2,132.21 1 0
github.com/MarkWestbroek/Bitemporal_2026/bitemporal_go_API_v05/handlers/docs_handler.go:135.43,137.16 2 0
github.com/MarkWestbroek/Bitemporal_2026/bitemporal_go_API_v05/handlers/docs_handler.go:137.16,139.3 1 0
github.com/MarkWestbroek/Bitemporal_2026/bitemporal_go_API_v05/handlers/docs_handler.go:141.2,141.6 1 0
github.com/MarkWestbroek/Bitemporal_2026/bitemporal_go_API_v05/handlers/docs_handler.go:141.6,143.64 2 0
github.com/MarkWestbroek/Bitemporal_2026/bitemporal_go_API_v05/handlers/docs_handler.go:143.64,145.4 1 0
github.com/MarkWestbroek/Bitemporal_2026/bitemporal_go_API_v05/handlers/docs_handler.go:147.3,148.24 2 0
github.com/MarkWestbroek/Bitemporal_2026/bitemporal_go_API_v05/handlers/docs_handler.go:148.24,150.4 1 0
github.com/MarkWestbroek/Bitemporal_2026/bitemporal_go_API_v05/handlers/docs_handler.go:151.3,151.19 1 0
github.com/MarkWestbroek/Bitemporal_2026/bitemporal_go_API_v05/handlers/docs_handler.go:155.49,157.82 2 0
github.com/MarkWestbroek/Bitemporal_2026/bitemporal_go_API_v05/handlers/docs_handler.go:157.82,158.17 1 0
github.com/MarkWestbroek/Bitemporal_2026/bitemporal_go_API_v05/handlers/docs_handler.go:158.17,160.4 1 0
github.com/MarkWestbroek/Bitemporal_2026/bitemporal_go_API_v05/handlers/docs_handler.go:162.3,162.16 1 0
github.com/MarkWestbroek/Bitemporal_2026/bitemporal_go_API_v05/handlers/docs_handler.go:162.16,164.16 2 0
github.com/MarkWestbroek/Bitemporal_2026/bitemporal_go_API_v05/handlers/docs_handler.go:165.62,166.28 1 0
github.com/MarkWestbroek/Bitemporal_2026/bitemporal_go_API_v05/handlers/docs_handler.go:168.4,168.14 1 0
github.com/MarkWestbroek/Bitemporal_2026/bitemporal_go_API_v05/handlers/docs_handler.go:171.3,171.55 1 0
github.com/MarkWestbroek/Bitemporal_2026/bitemporal_go_API_v05/handlers/docs_handler.go:171.55,173.4 1 0
github.com/MarkWestbroek/Bitemporal_2026/bitemporal_go_API_v05/handlers/docs_handler.go:175.3,176.17 2 0
github.com/MarkWestbroek/Bitemporal_2026/bitemporal_go_API_v05/handlers/docs_handler.go:176.17,178.4 1 0
github.com/MarkWestbroek/Bitemporal_2026/bitemporal_go_API_v05/handlers/docs_handler.go:179.3,180.13 2 0
github.com/MarkWestbroek/Bitemporal_2026/bitemporal_go_API_v05/handlers/docs_handler.go:183.2,184.22 2 0
github.com/MarkWestbroek/Bitemporal_2026/bitemporal_go_API_v05/handlers/full_handlers.go:28.82,31.29 2 1
github.com/MarkWestbroek/Bitemporal_2026/bitemporal_go_API_v05/handlers/full_handlers.go:31.29,33.39 2 1
github.com/MarkWestbroek/Bitemporal_2026/bitemporal_go_API_v05/handlers/full_handlers.go:33.39,37.27 3 1
github.com/MarkWestbroek/Bitemporal_2026/bitemporal_go_API_v05/handlers/full_handlers.go:37.27,41.5 3 1
github.com/MarkWestbroek/Bitemporal_2026/bitemporal_go_API_v05/handlers/full_handlers.go:44.2,44.70 1 0
github.com/MarkWestbroek/Bitemporal_2026/bitemporal_go_API_v05/handlers/full_handlers.go:48.104,52.32 2 1
github.com/MarkWestbroek/Bitemporal_2026/bitemporal_go_API_v05/handlers/full_handlers.go:52.32,54.3 1 0
github.com/MarkWestbroek/Bitemporal_2026/bitemporal_go_API_v05/handlers/full_handlers.go:56.2,59.39 2 1
github.com/MarkWestbroek/Bitemporal_2026/bitemporal_go_API_v05/handlers/full_handlers.go:59.39,63.51 2 1
github.com/MarkWestbroek/Bitemporal_2026/bitemporal_go_API_v05/handlers/full_handlers.go:63.51,67.33 3 1
github.com/MarkWestbroek/Bitemporal_2026/bitemporal_go_API_v05/handlers/full_handlers.go:67.33,69.28 2 1
github.com/MarkWestbroek/Bitemporal_2026/bitemporal_go_API_v05/handlers/full_handlers.go:69.28,70.31 1 1
github.com/MarkWestbroek/Bitemporal_2026/bitemporal_go_API_v05/handlers/full_handlers.go:71.26,72.47 1 0
github.com/MarkWestbroek/Bitemporal_2026/bitemporal_go_API_v05/handlers/full_handlers.go:72.47,75.8 2 0
github.com/MarkWestbroek/Bitemporal_2026/bitemporal_go_API_v05/handlers/full_handlers.go:76.7,76.99 1 0
github.com/MarkWestbroek/Bitemporal_2026/bitemporal_go_API_v05/handlers/full_handlers.go:77.82,79.89 2 1
github.com/MarkWestbroek/Bitemporal_2026/bitemporal_go_API_v05/handlers/full_handlers.go:79.89,81.8 1 0
github.com/MarkWestbroek/Bitemporal_2026/bitemporal_go_API_v05/handlers/full_handlers.go:82.7,83.17 2 1
github.com/MarkWestbroek/Bitemporal_2026/bitemporal_go_API_v05/handlers/full_handlers.go:84.14,85.105 1 0
github.com/MarkWestbroek/Bitemporal_2026/bitemporal_go_API_v05/handlers/full_handlers.go:92.3,92.54 1 1
github.com/MarkWestbroek/Bitemporal_2026/bitemporal_go_API_v05/handlers/full_handlers.go:92.54,95.31 3 1
github.com/MarkWestbroek/Bitemporal_2026/bitemporal_go_API_v05/handlers/full_handlers.go:95.31,97.28 2 0
github.com/MarkWestbroek/Bitemporal_2026/bitemporal_go_API_v05/handlers/full_handlers.go:97.28,98.31 1 0
github.com/MarkWestbroek/Bitemporal_2026/bitemporal_go_API_v05/handlers/full_handlers.go:99.26,100.47 1 0
github.com/MarkWestbroek/Bitemporal_2026/bitemporal_go_API_v05/handlers/full_handlers.go:100.47,103.8 2 0
github.com/MarkWestbroek/Bitemporal_2026/bitemporal_go_API_v05/handlers/full_handlers.go:104.7,104.99 1 0
github.com/MarkWestbroek/Bitemporal_2026/bitemporal_go_API_v05/handlers/full_handlers.go:105.82,107.89 2 0
github.com/MarkWestbroek/Bitemporal_2026/bitemporal_go_API_v05/handlers/full_handlers.go:107.89,109.8 1 0
github.com/MarkWestbroek/Bitemporal_2026/bitemporal_go_API_v05/handlers/full_handlers.go:110.7,111.17 2 0
github.com/MarkWestbroek/Bitemporal_2026/bitemporal_go_API_v05/handlers/full_handlers.go:112.14,113.105 1 0
github.com/MarkWestbroek/Bitemporal_2026/bitemporal_go_API_v05/handlers/full_handlers.go:120.2,120.76 1 0
github.com/MarkWestbroek/Bitemporal_2026/bitemporal_go_API_v05/handlers/full_handlers.go:133.74,135.27 2 1
github.com/MarkWestbroek/Bitemporal_2026/bitemporal_go_API_v05/handlers/full_handlers.go:135.27,137.17 2 1
github.com/MarkWestbroek/Bitemporal_2026/bitemporal_go_API_v05/handlers/full_handlers.go:137.17,139.4 1 1
github.com/MarkWestbroek/Bitemporal_2026/bitemporal_go_API_v05/handlers/full_handlers.go:140.3,140.25 1 1
github.com/MarkWestbroek/Bitemporal_2026/bitemporal_go_API_v05/handlers/full_handlers.go:140.25,142.4 1 0
github.com/MarkWestbroek/Bitemporal_2026/bitemporal_go_API_v05/handlers/full_handlers.go:144.3,144.28 1 1
github.com/MarkWestbroek/Bitemporal_2026/bitemporal_go_API_v05/handlers/full_handlers.go:147.2,148.16 2 1
github.com/MarkWestbroek/Bitemporal_2026/bitemporal_go_API_v05/handlers/full_handlers.go:148.16,150.3 1 1
github.com/MarkWestbroek/Bitemporal_2026/bitemporal_go_API_v05/handlers/full_handlers.go:151.2,152.16 2 1
github.com/MarkWestbroek/Bitemporal_2026/bitemporal_go_API_v05/handlers/full_handlers.go:152.16,154.3 1 0
github.com/MarkWestbroek/Bitemporal_2026/bitemporal_go_API_v05/handlers/full_handlers.go:156.2,157.24 2 1
github.com/MarkWestbroek/Bitemporal_2026/bitemporal_go_API_v05/handlers/full_handlers.go:157.24,159.3 1 0
github.com/MarkWestbroek/Bitemporal_2026/bitemporal_go_API_v05/handlers/full_handlers.go:161.2,161.27 1 1
github.com/MarkWestbroek/Bitemporal_2026/bitemporal_go_API_v05/handlers/full_handlers.go:164.36,169.2 1 1
github.com/MarkWestbroek/Bitemporal_2026/bitemporal_go_API_v05/handlers/full_handlers.go:176.93,179.32 3 1
github.com/MarkWestbroek/Bitemporal_2026/bitemporal_go_API_v05/handlers/full_handlers.go:179.32,181.3 1 1
github.com/MarkWestbroek/Bitemporal_2026/bitemporal_go_API_v05/handlers/full_handlers.go:183.2,184.17 2 1
github.com/MarkWestbroek/Bitemporal_2026/bitemporal_go_API_v05/handlers/full_handlers.go:184.17,186.17 2 1
github.com/MarkWestbroek/Bitemporal_2026/bitemporal_go_API_v05/handlers/full_handlers.go:186.17,188.4 1 1
github.com/MarkWestbroek/Bitemporal_2026/bitemporal_go_API_v05/handlers/full_handlers.go:189.3,191.25 3 1
github.com/MarkWestbroek/Bitemporal_2026/bitemporal_go_API_v05/handlers/full_handlers.go:191.25,193.4 1 0
github.com/MarkWestbroek/Bitemporal_2026/bitemporal_go_API_v05/handlers/full_handlers.go:196.2,197.17 2 1
github.com/MarkWestbroek/Bitemporal_2026/bitemporal_go_API_v05/handlers/full_handlers.go:197.17,199.17 2 1
github.com/MarkWestbroek/Bitemporal_2026/bitemporal_go_API_v05/handlers/full_handlers.go:199.17,201.4 1 0
github.com/MarkWestbroek/Bitemporal_2026/bitemporal_go_API_v05/handlers/full_handlers.go:202.3,204.25 3 1
github.com/MarkWestbroek/Bitemporal_2026/bitemporal_go_API_v05/handlers/full_handlers.go:204.25,206.4 1 0
github.com/MarkWestbroek/Bitemporal_2026/bitemporal_go_API_v05/handlers/full_handlers.go:209.2,209.45 1 1
github.com/MarkWestbroek/Bitemporal_2026/bitemporal_go_API_v05/handlers/full_handlers.go:209.45,211.3 1 1
github.com/MarkWestbroek/Bitemporal_2026/bitemporal_go_API_v05/handlers/full_handlers.go:213.2,213.20 1 1
github.com/MarkWestbroek/Bitemporal_2026/bitemporal_go_API_v05/handlers/full_handlers.go:216.95,218.25 2 1
github.com/MarkWestbroek/Bitemporal_2026/bitemporal_go_API_v05/handlers/full_handlers.go:218.25,220.3 1 1
github.com/MarkWestbroek/Bitemporal_2026/bitemporal_go_API_v05/handlers/full_handlers.go:222.2,225.32 3 1
github.com/MarkWestbroek/Bitemporal_2026/bitemporal_go_API_v05/handlers/full_handlers.go:225.32,226.48 1 1
github.com/MarkWestbroek/Bitemporal_2026/bitemporal_go_API_v05/handlers/full_handlers.go:226.48,228.19 2 1
github.com/MarkWestbroek/Bitemporal_2026/bitemporal_go_API_v05/handlers/full_handlers.go:228.19,229.13 1 0
github.com/MarkWestbroek/Bitemporal_2026/bitemporal_go_API_v05/handlers/full_handlers.go:232.4,233.17 2 1
github.com/MarkWestbroek/Bitemporal_2026/bitemporal_go_API_v05/handlers/full_handlers.go:234.50,235.41 1 1
github.com/MarkWestbroek/Bitemporal_2026/bitemporal_go_API_v05/handlers/full_handlers.go:236.48,237.39 1 1
github.com/MarkWestbroek/Bitemporal_2026/bitemporal_go_API_v05/handlers/full_handlers.go:238.53,239.44 1 1
github.com/MarkWestbroek/Bitemporal_2026/bitemporal_go_API_v05/handlers/full_handlers.go:240.12,241.72 1 1
github.com/MarkWestbroek/Bitemporal_2026/bitemporal_go_API_v05/handlers/full_handlers.go:244.4,244.16 1 1
github.com/MarkWestbroek/Bitemporal_2026/bitemporal_go_API_v05/handlers/full_handlers.go:244.16,247.5 2 1
github.com/MarkWestbroek/Bitemporal_2026/bitemporal_go_API_v05/handlers/full_handlers.go:251.2,251.21 1 1
github.com/MarkWestbroek/Bitemporal_2026/bitemporal_go_API_v05/handlers/full_handlers.go:251.21,253.3 1 0
github.com/MarkWestbroek/Bitemporal_2026/bitemporal_go_API_v05/handlers/full_handlers.go:255.2,255.19 1 1
github.com/MarkWestbroek/Bitemporal_2026/bitemporal_go_API_v05/handlers/full_handlers.go:258.48,260.2 1 1
github.com/MarkWestbroek/Bitemporal_2026/bitemporal_go_API_v05/handlers/full_handlers.go:262.34,263.23 1 1
github.com/MarkWestbroek/Bitemporal_2026/bitemporal_go_API_v05/handlers/full_handlers.go:264.22,266.27 2 1
github.com/MarkWestbroek/Bitemporal_2026/bitemporal_go_API_v05/handlers/full_handlers.go:266.27,268.4 1 1
github.com/MarkWestbroek/Bitemporal_2026/bitemporal_go_API_v05/handlers/full_handlers.go:269.3,269.11 1 1
github.com/MarkWestbroek/Bitemporal_2026/bitemporal_go_API_v05/handlers/full_handlers.go:270.13,271.27 1 1
github.com/MarkWestbroek/Bitemporal_2026/bitemporal_go_API_v05/handlers/full_handlers.go:271.27,273.4 1 1
github.com/MarkWestbroek/Bitemporal_2026/bitemporal_go_API_v05/handlers/full_handlers.go:274.3,274.11 1 1
github.com/MarkWestbroek/Bitemporal_2026/bitemporal_go_API_v05/handlers/full_handlers.go:275.10,276.11 1 1
github.com/MarkWestbroek/Bitemporal_2026/bitemporal_go_API_v05/handlers/full_handlers.go:280.62,282.16 2 1
github.com/MarkWestbroek/Bitemporal_2026/bitemporal_go_API_v05/handlers/full_handlers.go:282.16,284.3 1 0
github.com/MarkWestbroek/Bitemporal_2026/bitemporal_go_API_v05/handlers/full_handlers.go:286.2,287.52 2 1
github.com/MarkWestbroek/Bitemporal_2026/bitemporal_go_API_v05/handlers/full_handlers.go:287.52,289.3 1 0
github.com/MarkWestbroek/Bitemporal_2026/bitemporal_go_API_v05/handlers/full_handlers.go:291.2,291.39 1 1
github.com/MarkWestbroek/Bitemporal_2026/bitemporal_go_API_v05/handlers/full_handlers.go:294.51,296.16 2 1
github.com/MarkWestbroek/Bitemporal_2026/bitemporal_go_API_v05/handlers/full_handlers.go:296.16,298.3 1 0
github.com/MarkWestbroek/Bitemporal_2026/bitemporal_go_API_v05/handlers/full_handlers.go:299.2,300.51 2 1
github.com/MarkWestbroek/Bitemporal_2026/bitemporal_go_API_v05/handlers/full_handlers.go:300.51,302.3 1 0
github.com/MarkWestbroek/Bitemporal_2026/bitemporal_go_API_v05/handlers/full_handlers.go:303.2,303.20 1 1
github.com/MarkWestbroek/Bitemporal_2026/bitemporal_go_API_v05/handlers/full_handlers.go:306.74,308.74 2 1
github.com/MarkWestbroek/Bitemporal_2026/bitemporal_go_API_v05/handlers/full_handlers.go:308.74,310.3 1 0
github.com/MarkWestbroek/Bitemporal_2026/bitemporal_go_API_v05/handlers/full_handlers.go:312.2,312.27 1 1
github.com/MarkWestbroek/Bitemporal_2026/bitemporal_go_API_v05/handlers/full_handlers.go:315.69,316.42 1 1
github.com/MarkWestbroek/Bitemporal_2026/bitemporal_go_API_v05/handlers/full_handlers.go:316.42,317.33 1 1
github.com/MarkWestbroek/Bitemporal_2026/bitemporal_go_API_v05/handlers/full_handlers.go:317.33,319.4 1 1
github.com/MarkWestbroek/Bitemporal_2026/bitemporal_go_API_v05/handlers/full_handlers.go:321.3,321.26 1 1
github.com/MarkWestbroek/Bitemporal_2026/bitemporal_go_API_v05/handlers/full_handlers.go:321.26,323.26 2 1
github.com/MarkWestbroek/Bitemporal_2026/bitemporal_go_API_v05/handlers/full_handlers.go:323.26,324.42 1 1
github.com/MarkWestbroek/Bitemporal_2026/bitemporal_go_API_v05/handlers/full_handlers.go:324.42,326.6 1 1
github.com/MarkWestbroek/Bitemporal_2026/bitemporal_go_API_v05/handlers/full_handlers.go:327.5,327.40 1 1
github.com/MarkWestbroek/Bitemporal_2026/bitemporal_go_API_v05/handlers/full_handlers.go:327.40,329.6 1 1
github.com/MarkWestbroek/Bitemporal_2026/bitemporal_go_API_v05/handlers/full_handlers.go:333.3,333.28 1 1
github.com/MarkWestbroek/Bitemporal_2026/bitemporal_go_API_v05/handlers/full_handlers.go:333.28,335.21 2 1
github.com/MarkWestbroek/Bitemporal_2026/bitemporal_go_API_v05/handlers/full_handlers.go:335.21,336.37 1 1
github.com/MarkWestbroek/Bitemporal_2026/bitemporal_go_API_v05/handlers/full_handlers.go:336.37,338.6 1 1
github.com/MarkWestbroek/Bitemporal_2026/bitemporal_go_API_v05/handlers/full_handlers.go:339.5,339.35 1 1
github.com/MarkWestbroek/Bitemporal_2026/bitemporal_go_API_v05/handlers/full_handlers.go:339.35,341.6 1 0
github.com/MarkWestbroek/Bitemporal_2026/bitemporal_go_API_v05/handlers/full_handlers.go:346.2,346.32 1 1
github.com/MarkWestbroek/Bitemporal_2026/bitemporal_go_API_v05/handlers/full_handlers.go:356.78,358.9 2 1
github.com/MarkWestbroek/Bitemporal_2026/bitemporal_go_API_v05/handlers/full_handlers.go:358.9,360.3 1 1
github.com/MarkWestbroek/Bitemporal_2026/bitemporal_go_API_v05/handlers/full_handlers.go:362.2,362.48 1 1
github.com/MarkWestbroek/Bitemporal_2026/bitemporal_go_API_v05/handlers/full_handlers.go:362.48,364.3 1 0
github.com/MarkWestbroek/Bitemporal_2026/bitemporal_go_API_v05/handlers/full_handlers.go:366.2,366.45 1 1
github.com/MarkWestbroek/Bitemporal_2026/bitemporal_go_API_v05/handlers/full_handlers.go:366.45,373.3 1 1
github.com/MarkWestbroek/Bitemporal_2026/bitemporal_go_API_v05/handlers/full_handlers.go:375.2,376.9 2 1
github.com/MarkWestbroek/Bitemporal_2026/bitemporal_go_API_v05/handlers/full_handlers.go:376.9,378.3 1 0
github.com/MarkWestbroek/Bitemporal_2026/bitemporal_go_API_v05/handlers/full_handlers.go:379.2,379.32 1 1
github.com/MarkWestbroek/Bitemporal_2026/bitemporal_go_API_v05/handlers/full_handlers.go:379.32,381.3 1 0
github.com/MarkWestbroek/Bitemporal_2026/bitemporal_go_API_v05/handlers/full_handlers.go:383.2,388.8 1 1
github.com/MarkWestbroek/Bitemporal_2026/bitemporal_go_API_v05/handlers/full_handlers.go:391.121,394.16 3 1
github.com/MarkWestbroek/Bitemporal_2026/bitemporal_go_API_v05/handlers/full_handlers.go:394.16,395.25 1 1
github.com/MarkWestbroek/Bitemporal_2026/bitemporal_go_API_v05/handlers/full_handlers.go:395.25,397.4 1 0
github.com/MarkWestbroek/Bitemporal_2026/bitemporal_go_API_v05/handlers/full_handlers.go:398.3,399.57 1 1
github.com/MarkWestbroek/Bitemporal_2026/bitemporal_go_API_v05/handlers/full_handlers.go:402.2,413.134 1 1
github.com/MarkWestbroek/Bitemporal_2026/bitemporal_go_API_v05/handlers/full_handlers.go:428.36,441.16 3 1
github.com/MarkWestbroek/Bitemporal_2026/bitemporal_go_API_v05/handlers/full_handlers.go:441.16,442.27 1 0
github.com/MarkWestbroek/Bitemporal_2026/bitemporal_go_API_v05/handlers/full_handlers.go:442.27,444.4 1 0
github.com/MarkWestbroek/Bitemporal_2026/bitemporal_go_API_v05/handlers/full_handlers.go:445.3,445.18 1 0
github.com/MarkWestbroek/Bitemporal_2026/bitemporal_go_API_v05/handlers/full_handlers.go:448.2,448.17 1 1
github.com/MarkWestbroek/Bitemporal_2026/bitemporal_go_API_v05/handlers/full_handlers.go:459.9,468.16 2 1
github.com/MarkWestbroek/Bitemporal_2026/bitemporal_go_API_v05/handlers/full_handlers.go:468.16,470.3 1 0
github.com/MarkWestbroek/Bitemporal_2026/bitemporal_go_API_v05/handlers/full_handlers.go:472.2,475.22 3 1
github.com/MarkWestbroek/Bitemporal_2026/bitemporal_go_API_v05/handlers/full_handlers.go:475.22,477.3 1 0
github.com/MarkWestbroek/Bitemporal_2026/bitemporal_go_API_v05/handlers/full_handlers.go:479.2,480.34 2 1
github.com/MarkWestbroek/Bitemporal_2026/bitemporal_go_API_v05/handlers/full_handlers.go:481.34,482.30 1 1
github.com/MarkWestbroek/Bitemporal_2026/bitemporal_go_API_v05/handlers/full_handlers.go:483.34,484.30 1 0
github.com/MarkWestbroek/Bitemporal_2026/bitemporal_go_API_v05/handlers/full_handlers.go:487.2,487.12 1 1
github.com/MarkWestbroek/Bitemporal_2026/bitemporal_go_API_v05/handlers/full_handlers.go:492.69,494.58 2 0
github.com/MarkWestbroek/Bitemporal_2026/bitemporal_go_API_v05/handlers/full_handlers.go:494.58,496.3 1 0
github.com/MarkWestbroek/Bitemporal_2026/bitemporal_go_API_v05/handlers/full_handlers.go:498.2,500.9 3 0
github.com/MarkWestbroek/Bitemporal_2026/bitemporal_go_API_v05/handlers/full_handlers.go:500.9,502.3 1 0
github.com/MarkWestbroek/Bitemporal_2026/bitemporal_go_API_v05/handlers/full_handlers.go:503.2,503.45 1 0
github.com/MarkWestbroek/Bitemporal_2026/bitemporal_go_API_v05/handlers/full_handlers.go:503.45,505.3 1 0
github.com/MarkWestbroek/Bitemporal_2026/bitemporal_go_API_v05/handlers/full_handlers.go:507.2,507.18 1 0
github.com/MarkWestbroek/Bitemporal_2026/bitemporal_go_API_v05/handlers/full_handlers.go:513.103,515.58 2 0
github.com/MarkWestbroek/Bitemporal_2026/bitemporal_go_API_v05/handlers/full_handlers.go:515.58,517.3 1 0
github.com/MarkWestbroek/Bitemporal_2026/bitemporal_go_API_v05/handlers/full_handlers.go:519.2,520.40 2 0
github.com/MarkWestbroek/Bitemporal_2026/bitemporal_go_API_v05/handlers/full_handlers.go:520.40,522.3 1 0
github.com/MarkWestbroek/Bitemporal_2026/bitemporal_go_API_v05/handlers/full_handlers.go:524.2,524.40 1 0
github.com/MarkWestbroek/Bitemporal_2026/bitemporal_go_API_v05/handlers/full_handlers.go:524.40,526.91 2 0
github.com/MarkWestbroek/Bitemporal_2026/bitemporal_go_API_v05/handlers/full_handlers.go:526.91,528.4 1 0
github.com/MarkWestbroek/Bitemporal_2026/bitemporal_go_API_v05/handlers/full_handlers.go:531.2,531.12 1 0
github.com/MarkWestbroek/Bitemporal_2026/bitemporal_go_API_v05/handlers/full_handlers.go:540.102,542.16 2 0
github.com/MarkWestbroek/Bitemporal_2026/bitemporal_go_API_v05/handlers/full_handlers.go:542.16,544.3 1 0
github.com/MarkWestbroek/Bitemporal_2026/bitemporal_go_API_v05/handlers/full_handlers.go:546.2,547.9 2 0
github.com/MarkWestbroek/Bitemporal_2026/bitemporal_go_API_v05/handlers/full_handlers.go:547.9,549.3 1 0
github.com/MarkWestbroek/Bitemporal_2026/bitemporal_go_API_v05/handlers/full_handlers.go:551.2,552.9 2 0
github.com/MarkWestbroek/Bitemporal_2026/bitemporal_go_API_v05/handlers/full_handlers.go:552.9,554.3 1 0
github.com/MarkWestbroek/Bitemporal_2026/bitemporal_go_API_v05/handlers/full_handlers.go:556.2,557.134 2 0
github.com/MarkWestbroek/Bitemporal_2026/bitemporal_go_API_v05/handlers/full_handlers.go:557.134,559.3 1 0
github.com/MarkWestbroek/Bitemporal_2026/bitemporal_go_API_v05/handlers/full_handlers.go:561.2,562.9 2 0
github.com/MarkWestbroek/Bitemporal_2026/bitemporal_go_API_v05/handlers/full_handlers.go:562.9,564.3 1 0
github.com/MarkWestbroek/Bitemporal_2026/bitemporal_go_API_v05/handlers/full_handlers.go:566.2,566.72 1 0
github.com/MarkWestbroek/Bitemporal_2026/bitemporal_go_API_v05/handlers/full_handlers.go:566.72,567.32 1 0
github.com/MarkWestbroek/Bitemporal_2026/bitemporal_go_API_v05/handlers/full_handlers.go:567.32,568.12 1 0
github.com/MarkWestbroek/Bitemporal_2026/bitemporal_go_API_v05/handlers/full_handlers.go:571.3,572.152 2 0
github.com/MarkWestbroek/Bitemporal_2026/bitemporal_go_API_v05/handlers/full_handlers.go:572.152,574.4 1 0
github.com/MarkWestbroek/Bitemporal_2026/bitemporal_go_API_v05/handlers/full_handlers.go:577.2,577.12 1 0
github.com/MarkWestbroek/Bitemporal_2026/bitemporal_go_API_v05/handlers/full_handlers.go:580.86,584.44 3 1
github.com/MarkWestbroek/Bitemporal_2026/bitemporal_go_API_v05/handlers/full_handlers.go:584.44,585.65 1 1
github.com/MarkWestbroek/Bitemporal_2026/bitemporal_go_API_v05/handlers/full_handlers.go:585.65,586.12 1 0
github.com/MarkWestbroek/Bitemporal_2026/bitemporal_go_API_v05/handlers/full_handlers.go:588.3,589.10 2 1
github.com/MarkWestbroek/Bitemporal_2026/bitemporal_go_API_v05/handlers/full_handlers.go:589.10,590.12 1 0
github.com/MarkWestbroek/Bitemporal_2026/bitemporal_go_API_v05/handlers/full_handlers.go:592.3,593.18 2 1
github.com/MarkWestbroek/Bitemporal_2026/bitemporal_go_API_v05/handlers/full_handlers.go:593.18,596.4 2 1
github.com/MarkWestbroek/Bitemporal_2026/bitemporal_go_API_v05/handlers/full_handlers.go:599.2,599.14 1 1
github.com/MarkWestbroek/Bitemporal_2026/bitemporal_go_API_v05/handlers/full_handlers.go:604.65,605.30 1 1
github.com/MarkWestbroek/Bitemporal_2026/bitemporal_go_API_v05/handlers/full_handlers.go:605.30,615.36 4 1
github.com/MarkWestbroek/Bitemporal_2026/bitemporal_go_API_v05/handlers/full_handlers.go:615.36,617.28 2 1
github.com/MarkWestbroek/Bitemporal_2026/bitemporal_go_API_v05/handlers/full_handlers.go:617.28,620.5 2 1
github.com/MarkWestbroek/Bitemporal_2026/bitemporal_go_API_v05/handlers/full_handlers.go:621.4,621.12 1 1
github.com/MarkWestbroek/Bitemporal_2026/bitemporal_go_API_v05/handlers/full_handlers.go:624.3,624.36 1 1
github.com/MarkWestbroek/Bitemporal_2026/bitemporal_go_API_v05/handlers/full_handlers.go:624.36,626.28 2 1
github.com/MarkWestbroek/Bitemporal_2026/bitemporal_go_API_v05/handlers/full_handlers.go:626.28,629.5 2 1
github.com/MarkWestbroek/Bitemporal_2026/bitemporal_go_API_v05/handlers/full_handlers.go:630.4,630.19 1 1
github.com/MarkWestbroek/Bitemporal_2026/bitemporal_go_API_v05/handlers/full_handlers.go:630.19,632.5 1 1
github.com/MarkWestbroek/Bitemporal_2026/bitemporal_go_API_v05/handlers/full_handlers.go:632.10,634.5 1 1
github.com/MarkWestbroek/Bitemporal_2026/bitemporal_go_API_v05/handlers/full_handlers.go:637.3,640.17 3 1
github.com/MarkWestbroek/Bitemporal_2026/bitemporal_go_API_v05/handlers/full_handlers.go:640.17,643.4 2 1
github.com/MarkWestbroek/Bitemporal_2026/bitemporal_go_API_v05/handlers/full_handlers.go:644.3,645.17 2 1
github.com/MarkWestbroek/Bitemporal_2026/bitemporal_go_API_v05/handlers/full_handlers.go:645.17,648.4 2 1
github.com/MarkWestbroek/Bitemporal_2026/bitemporal_go_API_v05/handlers/full_handlers.go:649.3,650.17 2 1
github.com/MarkWestbroek/Bitemporal_2026/bitemporal_go_API_v05/handlers/full_handlers.go:650.17,653.4 2 1
github.com/MarkWestbroek/Bitemporal_2026/bitemporal_go_API_v05/handlers/full_handlers.go:655.3,657.26 3 1
github.com/MarkWestbroek/Bitemporal_2026/bitemporal_go_API_v05/handlers/full_handlers.go:657.26,659.4 1 1
github.com/MarkWestbroek/Bitemporal_2026/bitemporal_go_API_v05/handlers/full_handlers.go:660.3,660.29 1 1
github.com/MarkWestbroek/Bitemporal_2026/bitemporal_go_API_v05/handlers/full_handlers.go:660.29,661.17 1 0
github.com/MarkWestbroek/Bitemporal_2026/bitemporal_go_API_v05/handlers/full_handlers.go:661.17,663.5 1 0
github.com/MarkWestbroek/Bitemporal_2026/bitemporal_go_API_v05/handlers/full_handlers.go:664.4,664.17 1 0
github.com/MarkWestbroek/Bitemporal_2026/bitemporal_go_API_v05/handlers/full_handlers.go:664.17,666.5 1 0
github.com/MarkWestbroek/Bitemporal_2026/bitemporal_go_API_v05/handlers/full_handlers.go:667.4,667.91 1 0
github.com/MarkWestbroek/Bitemporal_2026/bitemporal_go_API_v05/handlers/full_handlers.go:667.91,668.18 1 0
github.com/MarkWestbroek/Bitemporal_2026/bitemporal_go_API_v05/handlers/full_handlers.go:668.18,670.6 1 0
github.com/MarkWestbroek/Bitemporal_2026/bitemporal_go_API_v05/handlers/full_handlers.go:671.5,671.18 1 0
github.com/MarkWestbroek/Bitemporal_2026/bitemporal_go_API_v05/handlers/full_handlers.go:671.18,673.6 1 0
github.com/MarkWestbroek/Bitemporal_2026/bitemporal_go_API_v05/handlers/full_handlers.go:674.5,674.20 1 0
github.com/MarkWestbroek/Bitemporal_2026/bitemporal_go_API_v05/handlers/full_handlers.go:676.9,676.33 1 1
github.com/MarkWestbroek/Bitemporal_2026/bitemporal_go_API_v05/handlers/full_handlers.go:676.33,678.91 2 1
github.com/MarkWestbroek/Bitemporal_2026/bitemporal_go_API_v05/handlers/full_handlers.go:678.91,680.5 1 1
github.com/MarkWestbroek/Bitemporal_2026/bitemporal_go_API_v05/handlers/full_handlers.go:681.9,683.4 1 1
github.com/MarkWestbroek/Bitemporal_2026/bitemporal_go_API_v05/handlers/full_handlers.go:685.3,689.17 2 1
github.com/MarkWestbroek/Bitemporal_2026/bitemporal_go_API_v05/handlers/full_handlers.go:689.17,692.4 2 1
github.com/MarkWestbroek/Bitemporal_2026/bitemporal_go_API_v05/handlers/full_handlers.go:694.3,696.36 3 1
github.com/MarkWestbroek/Bitemporal_2026/bitemporal_go_API_v05/handlers/full_handlers.go:696.36,698.18 2 1
github.com/MarkWestbroek/Bitemporal_2026/bitemporal_go_API_v05/handlers/full_handlers.go:698.18,701.5 2 0
github.com/MarkWestbroek/Bitemporal_2026/bitemporal_go_API_v05/handlers/full_handlers.go:702.4,703.63 2 1
github.com/MarkWestbroek/Bitemporal_2026/bitemporal_go_API_v05/handlers/full_handlers.go:706.3,711.5 1 1
github.com/MarkWestbroek/Bitemporal_2026/bitemporal_go_API_v05/handlers/full_handlers.go:716.68,717.30 1 1
github.com/MarkWestbroek/Bitemporal_2026/bitemporal_go_API_v05/handlers/full_handlers.go:717.30,719.20 2 1
github.com/MarkWestbroek/Bitemporal_2026/bitemporal_go_API_v05/handlers/full_handlers.go:719.20,722.4 2 1
github.com/MarkWestbroek/Bitemporal_2026/bitemporal_go_API_v05/handlers/full_handlers.go:724.3,724.50 1 1
github.com/MarkWestbroek/Bitemporal_2026/bitemporal_go_API_v05/handlers/full_handlers.go:724.50,727.4 2 1
github.com/MarkWestbroek/Bitemporal_2026/bitemporal_go_API_v05/handlers/full_handlers.go:729.3,735.17 3 1
github.com/MarkWestbroek/Bitemporal_2026/bitemporal_go_API_v05/handlers/full_handlers.go:735.17,736.28 1 1
github.com/MarkWestbroek/Bitemporal_2026/bitemporal_go_API_v05/handlers/full_handlers.go:736.28,739.5 2 1
github.com/MarkWestbroek/Bitemporal_2026/bitemporal_go_API_v05/handlers/full_handlers.go:740.4,741.10 2 1
github.com/MarkWestbroek/Bitemporal_2026/bitemporal_go_API_v05/handlers/full_handlers.go:744.3,745.17 2 1
github.com/MarkWestbroek/Bitemporal_2026/bitemporal_go_API_v05/handlers/full_handlers.go:745.17,748.4 2 0
github.com/MarkWestbroek/Bitemporal_2026/bitemporal_go_API_v05/handlers/full_handlers.go:749.3,751.32 2 1
github.com/MarkWestbroek/Bitemporal_2026/bitemporal_go_API_v05/handlers/full_handlers.go:756.76,757.30 1 1
github.com/MarkWestbroek/Bitemporal_2026/bitemporal_go_API_v05/handlers/full_handlers.go:757.30,764.26 2 1
github.com/MarkWestbroek/Bitemporal_2026/bitemporal_go_API_v05/handlers/full_handlers.go:764.26,767.4 2 0
github.com/MarkWestbroek/Bitemporal_2026/bitemporal_go_API_v05/handlers/full_handlers.go:768.3,768.31 1 1
github.com/MarkWestbroek/Bitemporal_2026/bitemporal_go_API_v05/handlers/full_handlers.go:768.31,771.4 2 0
github.com/MarkWestbroek/Bitemporal_2026/bitemporal_go_API_v05/handlers/full_handlers.go:773.3,776.36 3 1
github.com/MarkWestbroek/Bitemporal_2026/bitemporal_go_API_v05/handlers/full_handlers.go:776.36,778.28 2 1
github.com/MarkWestbroek/Bitemporal_2026/bitemporal_go_API_v05/handlers/full_handlers.go:778.28,781.5 2 0
github.com/MarkWestbroek/Bitemporal_2026/bitemporal_go_API_v05/handlers/full_handlers.go:782.4,782.12 1 1
github.com/MarkWestbroek/Bitemporal_2026/bitemporal_go_API_v05/handlers/full_handlers.go:785.3,785.36 1 1
github.com/MarkWestbroek/Bitemporal_2026/bitemporal_go_API_v05/handlers/full_handlers.go:785.36,787.28 2 1
github.com/MarkWestbroek/Bitemporal_2026/bitemporal_go_API_v05/handlers/full_handlers.go:787.28,790.5 2 0
github.com/MarkWestbroek/Bitemporal_2026/bitemporal_go_API_v05/handlers/full_handlers.go:791.4,791.19 1 1
github.com/MarkWestbroek/Bitemporal_2026/bitemporal_go_API_v05/handlers/full_handlers.go:791.19,793.5 1 0
github.com/MarkWestbroek/Bitemporal_2026/bitemporal_go_API_v05/handlers/full_handlers.go:793.10,795.5 1 1
github.com/MarkWestbroek/Bitemporal_2026/bitemporal_go_API_v05/handlers/full_handlers.go:798.3,803.17 5 1
github.com/MarkWestbroek/Bitemporal_2026/bitemporal_go_API_v05/handlers/full_handlers.go:803.17,806.4 2 0
github.com/MarkWestbroek/Bitemporal_2026/bitemporal_go_API_v05/handlers/full_handlers.go:807.3,807.26 1 1
github.com/MarkWestbroek/Bitemporal_2026/bitemporal_go_API_v05/handlers/full_handlers.go:807.26,809.4 1 0
github.com/MarkWestbroek/Bitemporal_2026/bitemporal_go_API_v05/handlers/full_handlers.go:811.3,811.59 1 1
github.com/MarkWestbroek/Bitemporal_2026/bitemporal_go_API_v05/handlers/full_handlers.go:811.59,814.27 3 0
github.com/MarkWestbroek/Bitemporal_2026/bitemporal_go_API_v05/handlers/full_handlers.go:814.27,815.90 1 0
github.com/MarkWestbroek/Bitemporal_2026/bitemporal_go_API_v05/handlers/full_handlers.go:815.90,817.6 1 0
github.com/MarkWestbroek/Bitemporal_2026/bitemporal_go_API_v05/handlers/full_handlers.go:818.10,820.5 1 0
github.com/MarkWestbroek/Bitemporal_2026/bitemporal_go_API_v05/handlers/full_handlers.go:823.3,827.17 2 1
github.com/MarkWestbroek/Bitemporal_2026/bitemporal_go_API_v05/handlers/full_handlers.go:827.17,830.4 2 0
github.com/MarkWestbroek/Bitemporal_2026/bitemporal_go_API_v05/handlers/full_handlers.go:832.3,832.26 1 1
github.com/MarkWestbroek/Bitemporal_2026/bitemporal_go_API_v05/handlers/full_handlers.go:832.26,833.91 1 0
github.com/MarkWestbroek/Bitemporal_2026/bitemporal_go_API_v05/handlers/full_handlers.go:833.91,836.5 2 0
github.com/MarkWestbroek/Bitemporal_2026/bitemporal_go_API_v05/handlers/full_handlers.go:839.3,840.17 2 1
github.com/MarkWestbroek/Bitemporal_2026/bitemporal_go_API_v05/handlers/full_handlers.go:840.17,843.4 2 0
github.com/MarkWestbroek/Bitemporal_2026/bitemporal_go_API_v05/handlers/full_handlers.go:844.3,847.31 3 1
github.com/MarkWestbroek/Bitemporal_2026/bitemporal_go_API_v05/handlers/full_handlers.go:847.31,849.18 2 1
github.com/MarkWestbroek/Bitemporal_2026/bitemporal_go_API_v05/handlers/full_handlers.go:849.18,852.5 2 0
github.com/MarkWestbroek/Bitemporal_2026/bitemporal_go_API_v05/handlers/full_handlers.go:855.3,860.5 1 1
github.com/MarkWestbroek/Bitemporal_2026/bitemporal_go_API_v05/handlers/full_handlers.go:865.74,866.30 1 1
github.com/MarkWestbroek/Bitemporal_2026/bitemporal_go_API_v05/handlers/full_handlers.go:866.30,867.26 1 1
github.com/MarkWestbroek/Bitemporal_2026/bitemporal_go_API_v05/handlers/full_handlers.go:867.26,870.4 2 0
github.com/MarkWestbroek/Bitemporal_2026/bitemporal_go_API_v05/handlers/full_handlers.go:871.3,871.25 1 1
github.com/MarkWestbroek/Bitemporal_2026/bitemporal_go_API_v05/handlers/full_handlers.go:871.25,874.4 2 0
github.com/MarkWestbroek/Bitemporal_2026/bitemporal_go_API_v05/handlers/full_handlers.go:876.3,877.21 2 1
github.com/MarkWestbroek/Bitemporal_2026/bitemporal_go_API_v05/handlers/full_handlers.go:877.21,880.4 2 0
github.com/MarkWestbroek/Bitemporal_2026/bitemporal_go_API_v05/handlers/full_handlers.go:882.3,884.10 3 1
github.com/MarkWestbroek/Bitemporal_2026/bitemporal_go_API_v05/handlers/full_handlers.go:884.10,887.4 2 0
github.com/MarkWestbroek/Bitemporal_2026/bitemporal_go_API_v05/handlers/full_handlers.go:889.3,892.17 3 1
github.com/MarkWestbroek/Bitemporal_2026/bitemporal_go_API_v05/handlers/full_handlers.go:892.17,895.4 2 0
[...]
github.com/MarkWestbroek/Bitemporal_2026/bitemporal_go_API_v05/graph/generated.go:9280.2,9280.33 1 0
github.com/MarkWestbroek/Bitemporal_2026/bitemporal_go_API_v05/graph/generated.go:9283.224,9284.14 1 0
github.com/MarkWestbroek/Bitemporal_2026/bitemporal_go_API_v05/graph/generated.go:9284.14,9286.3 1 0
github.com/MarkWestbroek/Bitemporal_2026/bitemporal_go_API_v05/graph/generated.go:9287.2,9287.33 1 0
github.com/MarkWestbroek/Bitemporal_2026/bitemporal_go_API_v05/graph/generated.go:9290.97,9291.14 1 0
github.com/MarkWestbroek/Bitemporal_2026/bitemporal_go_API_v05/graph/generated.go:9291.14,9293.3 1 0
github.com/MarkWestbroek/Bitemporal_2026/bitemporal_go_API_v05/graph/generated.go:9294.2,9295.44 2 0
github.com/MarkWestbroek/Bitemporal_2026/bitemporal_go_API_v05/graph/generated.go:9298.122,9299.14 1 0
github.com/MarkWestbroek/Bitemporal_2026/bitemporal_go_API_v05/graph/generated.go:9299.14,9301.3 1 0
github.com/MarkWestbroek/Bitemporal_2026/bitemporal_go_API_v05/graph/generated.go:9302.2,9305.12 4 0
github.com/MarkWestbroek/Bitemporal_2026/bitemporal_go_API_v05/graph/generated.go:9308.96,9309.14 1 0
github.com/MarkWestbroek/Bitemporal_2026/bitemporal_go_API_v05/graph/generated.go:9309.14,9311.3 1 0
github.com/MarkWestbroek/Bitemporal_2026/bitemporal_go_API_v05/graph/generated.go:9312.2,9313.44 2 0
github.com/MarkWestbroek/Bitemporal_2026/bitemporal_go_API_v05/graph/generated.go:9316.121,9317.14 1 0
github.com/MarkWestbroek/Bitemporal_2026/bitemporal_go_API_v05/graph/generated.go:9317.14,9319.3 1 0
github.com/MarkWestbroek/Bitemporal_2026/bitemporal_go_API_v05/graph/generated.go:9320.2,9323.12 4 0
github.com/MarkWestbroek/Bitemporal_2026/bitemporal_go_API_v05/graph/generated.go:9326.239,9327.14 1 0
github.com/MarkWestbroek/Bitemporal_2026/bitemporal_go_API_v05/graph/generated.go:9327.14,9329.3 1 0
github.com/MarkWestbroek/Bitemporal_2026/bitemporal_go_API_v05/graph/generated.go:9330.2,9330.38 1 0
github.com/MarkWestbroek/Bitemporal_2026/bitemporal_go_API_v05/graph/generated.go:9333.233,9334.14 1 0
github.com/MarkWestbroek/Bitemporal_2026/bitemporal_go_API_v05/graph/generated.go:9334.14,9336.3 1 0
github.com/MarkWestbroek/Bitemporal_2026/bitemporal_go_API_v05/graph/generated.go:9337.2,9337.36 1 0
github.com/MarkWestbroek/Bitemporal_2026/bitemporal_go_API_v05/graph/generated.go:9340.101,9341.14 1 0
github.com/MarkWestbroek/Bitemporal_2026/bitemporal_go_API_v05/graph/generated.go:9341.14,9343.3 1 0
github.com/MarkWestbroek/Bitemporal_2026/bitemporal_go_API_v05/graph/generated.go:9344.2,9345.44 2 0
github.com/MarkWestbroek/Bitemporal_2026/bitemporal_go_API_v05/graph/generated.go:9348.126,9349.14 1 0
github.com/MarkWestbroek/Bitemporal_2026/bitemporal_go_API_v05/graph/generated.go:9349.14,9351.3 1 0
github.com/MarkWestbroek/Bitemporal_2026/bitemporal_go_API_v05/graph/generated.go:9352.2,9355.12 4 0
github.com/MarkWestbroek/Bitemporal_2026/bitemporal_go_API_v05/graph/generated.go:9358.215,9359.14 1 0
github.com/MarkWestbroek/Bitemporal_2026/bitemporal_go_API_v05/graph/generated.go:9359.14,9361.3 1 0
github.com/MarkWestbroek/Bitemporal_2026/bitemporal_go_API_v05/graph/generated.go:9362.2,9362.30 1 0
github.com/MarkWestbroek/Bitemporal_2026/bitemporal_go_API_v05/graph/generated.go:9365.217,9366.14 1 0
github.com/MarkWestbroek/Bitemporal_2026/bitemporal_go_API_v05/graph/generated.go:9366.14,9368.3 1 0
github.com/MarkWestbroek/Bitemporal_2026/bitemporal_go_API_v05/graph/generated.go:9369.2,9372.13 4 0
github.com/MarkWestbroek/Bitemporal_2026/bitemporal_go_API_v05/graph/generated.go:9372.13,9374.3 1 0
github.com/MarkWestbroek/Bitemporal_2026/bitemporal_go_API_v05/graph/generated.go:9375.2,9375.19 1 0
github.com/MarkWestbroek/Bitemporal_2026/bitemporal_go_API_v05/graph/generated.go:9375.19,9382.20 4 0
github.com/MarkWestbroek/Bitemporal_2026/bitemporal_go_API_v05/graph/generated.go:9382.20,9383.17 1 0
github.com/MarkWestbroek/Bitemporal_2026/bitemporal_go_API_v05/graph/generated.go:9383.17,9384.33 1 0
github.com/MarkWestbroek/Bitemporal_2026/bitemporal_go_API_v05/graph/generated.go:9384.33,9387.6 2 0
github.com/MarkWestbroek/Bitemporal_2026/bitemporal_go_API_v05/graph/generated.go:9389.4,9389.15 1 0
github.com/MarkWestbroek/Bitemporal_2026/bitemporal_go_API_v05/graph/generated.go:9389.15,9391.5 1 0
github.com/MarkWestbroek/Bitemporal_2026/bitemporal_go_API_v05/graph/generated.go:9392.4,9392.123 1 0
github.com/MarkWestbroek/Bitemporal_2026/bitemporal_go_API_v05/graph/generated.go:9394.3,9394.13 1 0
github.com/MarkWestbroek/Bitemporal_2026/bitemporal_go_API_v05/graph/generated.go:9394.13,9396.4 1 0
github.com/MarkWestbroek/Bitemporal_2026/bitemporal_go_API_v05/graph/generated.go:9396.9,9398.4 1 0
github.com/MarkWestbroek/Bitemporal_2026/bitemporal_go_API_v05/graph/generated.go:9401.2,9403.24 2 0
github.com/MarkWestbroek/Bitemporal_2026/bitemporal_go_API_v05/graph/generated.go:9403.24,9404.24 1 0
github.com/MarkWestbroek/Bitemporal_2026/bitemporal_go_API_v05/graph/generated.go:9404.24,9406.4 1 0
github.com/MarkWestbroek/Bitemporal_2026/bitemporal_go_API_v05/graph/generated.go:9409.2,9409.12 1 0
github.com/MarkWestbroek/Bitemporal_2026/bitemporal_go_API_v05/graph/generated.go:9412.205,9413.14 1 0
github.com/MarkWestbroek/Bitemporal_2026/bitemporal_go_API_v05/graph/generated.go:9413.14,9415.3 1 0
github.com/MarkWestbroek/Bitemporal_2026/bitemporal_go_API_v05/graph/generated.go:9416.2,9419.13 4 0
github.com/MarkWestbroek/Bitemporal_2026/bitemporal_go_API_v05/graph/generated.go:9419.13,9421.3 1 0
github.com/MarkWestbroek/Bitemporal_2026/bitemporal_go_API_v05/graph/generated.go:9422.2,9422.19 1 0
github.com/MarkWestbroek/Bitemporal_2026/bitemporal_go_API_v05/graph/generated.go:9422.19,9429.20 4 0
github.com/MarkWestbroek/Bitemporal_2026/bitemporal_go_API_v05/graph/generated.go:9429.20,9430.17 1 0
github.com/MarkWestbroek/Bitemporal_2026/bitemporal_go_API_v05/graph/generated.go:9430.17,9431.33 1 0
github.com/MarkWestbroek/Bitemporal_2026/bitemporal_go_API_v05/graph/generated.go:9431.33,9434.6 2 0
github.com/MarkWestbroek/Bitemporal_2026/bitemporal_go_API_v05/graph/generated.go:9436.4,9436.15 1 0
github.com/MarkWestbroek/Bitemporal_2026/bitemporal_go_API_v05/graph/generated.go:9436.15,9438.5 1 0
github.com/MarkWestbroek/Bitemporal_2026/bitemporal_go_API_v05/graph/generated.go:9439.4,9439.115 1 0
github.com/MarkWestbroek/Bitemporal_2026/bitemporal_go_API_v05/graph/generated.go:9441.3,9441.13 1 0
github.com/MarkWestbroek/Bitemporal_2026/bitemporal_go_API_v05/graph/generated.go:9441.13,9443.4 1 0
github.com/MarkWestbroek/Bitemporal_2026/bitemporal_go_API_v05/graph/generated.go:9443.9,9445.4 1 0
github.com/MarkWestbroek/Bitemporal_2026/bitemporal_go_API_v05/graph/generated.go:9448.2,9450.24 2 0
github.com/MarkWestbroek/Bitemporal_2026/bitemporal_go_API_v05/graph/generated.go:9450.24,9451.24 1 0
github.com/MarkWestbroek/Bitemporal_2026/bitemporal_go_API_v05/graph/generated.go:9451.24,9453.4 1 0
github.com/MarkWestbroek/Bitemporal_2026/bitemporal_go_API_v05/graph/generated.go:9456.2,9456.12 1 0
github.com/MarkWestbroek/Bitemporal_2026/bitemporal_go_API_v05/graph/generated.go:9459.220,9460.14 1 0
github.com/MarkWestbroek/Bitemporal_2026/bitemporal_go_API_v05/graph/generated.go:9460.14,9462.3 1 0
github.com/MarkWestbroek/Bitemporal_2026/bitemporal_go_API_v05/graph/generated.go:9463.2,9466.13 4 0
github.com/MarkWestbroek/Bitemporal_2026/bitemporal_go_API_v05/graph/generated.go:9466.13,9468.3 1 0
github.com/MarkWestbroek/Bitemporal_2026/bitemporal_go_API_v05/graph/generated.go:9469.2,9469.19 1 0
github.com/MarkWestbroek/Bitemporal_2026/bitemporal_go_API_v05/graph/generated.go:9469.19,9476.20 4 0
github.com/MarkWestbroek/Bitemporal_2026/bitemporal_go_API_v05/graph/generated.go:9476.20,9477.17 1 0
github.com/MarkWestbroek/Bitemporal_2026/bitemporal_go_API_v05/graph/generated.go:9477.17,9478.33 1 0
github.com/MarkWestbroek/Bitemporal_2026/bitemporal_go_API_v05/graph/generated.go:9478.33,9481.6 2 0
github.com/MarkWestbroek/Bitemporal_2026/bitemporal_go_API_v05/graph/generated.go:9483.4,9483.15 1 0
github.com/MarkWestbroek/Bitemporal_2026/bitemporal_go_API_v05/graph/generated.go:9483.15,9485.5 1 0
github.com/MarkWestbroek/Bitemporal_2026/bitemporal_go_API_v05/graph/generated.go:9486.4,9486.125 1 0
github.com/MarkWestbroek/Bitemporal_2026/bitemporal_go_API_v05/graph/generated.go:9488.3,9488.13 1 0
github.com/MarkWestbroek/Bitemporal_2026/bitemporal_go_API_v05/graph/generated.go:9488.13,9490.4 1 0
github.com/MarkWestbroek/Bitemporal_2026/bitemporal_go_API_v05/graph/generated.go:9490.9,9492.4 1 0
github.com/MarkWestbroek/Bitemporal_2026/bitemporal_go_API_v05/graph/generated.go:9495.2,9497.24 2 0
github.com/MarkWestbroek/Bitemporal_2026/bitemporal_go_API_v05/graph/generated.go:9497.24,9498.24 1 0
github.com/MarkWestbroek/Bitemporal_2026/bitemporal_go_API_v05/graph/generated.go:9498.24,9500.4 1 0
github.com/MarkWestbroek/Bitemporal_2026/bitemporal_go_API_v05/graph/generated.go:9503.2,9503.12 1 0
github.com/MarkWestbroek/Bitemporal_2026/bitemporal_go_API_v05/graph/generated.go:9506.204,9507.14 1 0
github.com/MarkWestbroek/Bitemporal_2026/bitemporal_go_API_v05/graph/generated.go:9507.14,9509.3 1 0
github.com/MarkWestbroek/Bitemporal_2026/bitemporal_go_API_v05/graph/generated.go:9510.2,9510.34 1 0
github.com/MarkWestbroek/Bitemporal_2026/bitemporal_go_API_v05/graph/generated.go:9513.202,9514.14 1 0
github.com/MarkWestbroek/Bitemporal_2026/bitemporal_go_API_v05/graph/generated.go:9514.14,9516.3 1 0
github.com/MarkWestbroek/Bitemporal_2026/bitemporal_go_API_v05/graph/generated.go:9517.2,9520.13 4 0
github.com/MarkWestbroek/Bitemporal_2026/bitemporal_go_API_v05/graph/generated.go:9520.13,9522.3 1 0
github.com/MarkWestbroek/Bitemporal_2026/bitemporal_go_API_v05/graph/generated.go:9523.2,9523.19 1 0
github.com/MarkWestbroek/Bitemporal_2026/bitemporal_go_API_v05/graph/generated.go:9523.19,9530.20 4 0
github.com/MarkWestbroek/Bitemporal_2026/bitemporal_go_API_v05/graph/generated.go:9530.20,9531.17 1 0
github.com/MarkWestbroek/Bitemporal_2026/bitemporal_go_API_v05/graph/generated.go:9531.17,9532.33 1 0
github.com/MarkWestbroek/Bitemporal_2026/bitemporal_go_API_v05/graph/generated.go:9532.33,9535.6 2 0
github.com/MarkWestbroek/Bitemporal_2026/bitemporal_go_API_v05/graph/generated.go:9537.4,9537.15 1 0
github.com/MarkWestbroek/Bitemporal_2026/bitemporal_go_API_v05/graph/generated.go:9537.15,9539.5 1 0
github.com/MarkWestbroek/Bitemporal_2026/bitemporal_go_API_v05/graph/generated.go:9540.4,9540.113 1 0
github.com/MarkWestbroek/Bitemporal_2026/bitemporal_go_API_v05/graph/generated.go:9542.3,9542.13 1 0
github.com/MarkWestbroek/Bitemporal_2026/bitemporal_go_API_v05/graph/generated.go:9542.13,9544.4 1 0
github.com/MarkWestbroek/Bitemporal_2026/bitemporal_go_API_v05/graph/generated.go:9544.9,9546.4 1 0
github.com/MarkWestbroek/Bitemporal_2026/bitemporal_go_API_v05/graph/generated.go:9549.2,9551.24 2 0
github.com/MarkWestbroek/Bitemporal_2026/bitemporal_go_API_v05/graph/generated.go:9551.24,9552.24 1 0
github.com/MarkWestbroek/Bitemporal_2026/bitemporal_go_API_v05/graph/generated.go:9552.24,9554.4 1 0
github.com/MarkWestbroek/Bitemporal_2026/bitemporal_go_API_v05/graph/generated.go:9557.2,9557.12 1 0
github.com/MarkWestbroek/Bitemporal_2026/bitemporal_go_API_v05/graph/generated.go:9560.198,9561.14 1 0
github.com/MarkWestbroek/Bitemporal_2026/bitemporal_go_API_v05/graph/generated.go:9561.14,9563.3 1 0
github.com/MarkWestbroek/Bitemporal_2026/bitemporal_go_API_v05/graph/generated.go:9564.2,9564.32 1 0
github.com/MarkWestbroek/Bitemporal_2026/bitemporal_go_API_v05/graph/schema.resolvers.go:19.119,22.16 3 0
github.com/MarkWestbroek/Bitemporal_2026/bitemporal_go_API_v05/graph/schema.resolvers.go:22.16,24.3 1 0
github.com/MarkWestbroek/Bitemporal_2026/bitemporal_go_API_v05/graph/schema.resolvers.go:25.2,31.16 3 0
github.com/MarkWestbroek/Bitemporal_2026/bitemporal_go_API_v05/graph/schema.resolvers.go:31.16,33.3 1 0
github.com/MarkWestbroek/Bitemporal_2026/bitemporal_go_API_v05/graph/schema.resolvers.go:35.2,36.28 2 0
github.com/MarkWestbroek/Bitemporal_2026/bitemporal_go_API_v05/graph/schema.resolvers.go:36.28,39.3 2 0
github.com/MarkWestbroek/Bitemporal_2026/bitemporal_go_API_v05/graph/schema.resolvers.go:40.2,40.28 1 0
github.com/MarkWestbroek/Bitemporal_2026/bitemporal_go_API_v05/graph/schema.resolvers.go:40.28,43.3 2 0
github.com/MarkWestbroek/Bitemporal_2026/bitemporal_go_API_v05/graph/schema.resolvers.go:45.2,49.8 1 0
github.com/MarkWestbroek/Bitemporal_2026/bitemporal_go_API_v05/graph/schema.resolvers.go:53.130,54.69 1 0
github.com/MarkWestbroek/Bitemporal_2026/bitemporal_go_API_v05/graph/schema.resolvers.go:58.88,59.69 1 0
github.com/MarkWestbroek/Bitemporal_2026/bitemporal_go_API_v05/graph/schema.resolvers.go:63.119,64.69 1 0
github.com/MarkWestbroek/Bitemporal_2026/bitemporal_go_API_v05/graph/schema.resolvers.go:68.130,69.69 1 0
github.com/MarkWestbroek/Bitemporal_2026/bitemporal_go_API_v05/graph/schema.resolvers.go:73.88,74.69 1 0
github.com/MarkWestbroek/Bitemporal_2026/bitemporal_go_API_v05/graph/schema.resolvers.go:78.128,79.75 1 0
github.com/MarkWestbroek/Bitemporal_2026/bitemporal_go_API_v05/graph/schema.resolvers.go:83.91,84.75 1 0
github.com/MarkWestbroek/Bitemporal_2026/bitemporal_go_API_v05/graph/schema.resolvers.go:88.137,89.81 1 0
github.com/MarkWestbroek/Bitemporal_2026/bitemporal_go_API_v05/graph/schema.resolvers.go:93.151,94.81 1 0
github.com/MarkWestbroek/Bitemporal_2026/bitemporal_go_API_v05/graph/schema.resolvers.go:98.137,99.81 1 0
github.com/MarkWestbroek/Bitemporal_2026/bitemporal_go_API_v05/graph/schema.resolvers.go:103.137,104.81 1 0
github.com/MarkWestbroek/Bitemporal_2026/bitemporal_go_API_v05/graph/schema.resolvers.go:108.137,109.81 1 0
github.com/MarkWestbroek/Bitemporal_2026/bitemporal_go_API_v05/graph/schema.resolvers.go:113.110,116.16 2 0
github.com/MarkWestbroek/Bitemporal_2026/bitemporal_go_API_v05/graph/schema.resolvers.go:116.16,118.3 1 0
github.com/MarkWestbroek/Bitemporal_2026/bitemporal_go_API_v05/graph/schema.resolvers.go:120.2,129.16 3 0
github.com/MarkWestbroek/Bitemporal_2026/bitemporal_go_API_v05/graph/schema.resolvers.go:129.16,131.3 1 0
github.com/MarkWestbroek/Bitemporal_2026/bitemporal_go_API_v05/graph/schema.resolvers.go:133.2,139.8 1 0
github.com/MarkWestbroek/Bitemporal_2026/bitemporal_go_API_v05/graph/schema.resolvers.go:143.121,147.16 3 0
github.com/MarkWestbroek/Bitemporal_2026/bitemporal_go_API_v05/graph/schema.resolvers.go:147.16,149.3 1 0
github.com/MarkWestbroek/Bitemporal_2026/bitemporal_go_API_v05/graph/schema.resolvers.go:152.2,152.24 1 0
github.com/MarkWestbroek/Bitemporal_2026/bitemporal_go_API_v05/graph/schema.resolvers.go:152.24,154.3 1 0
github.com/MarkWestbroek/Bitemporal_2026/bitemporal_go_API_v05/graph/schema.resolvers.go:155.2,155.30 1 0
github.com/MarkWestbroek/Bitemporal_2026/bitemporal_go_API_v05/graph/schema.resolvers.go:155.30,157.3 1 0
github.com/MarkWestbroek/Bitemporal_2026/bitemporal_go_API_v05/graph/schema.resolvers.go:158.2,158.26 1 0
github.com/MarkWestbroek/Bitemporal_2026/bitemporal_go_API_v05/graph/schema.resolvers.go:158.26,160.3 1 0
github.com/MarkWestbroek/Bitemporal_2026/bitemporal_go_API_v05/graph/schema.resolvers.go:161.2,161.25 1 0
github.com/MarkWestbroek/Bitemporal_2026/bitemporal_go_API_v05/graph/schema.resolvers.go:161.25,163.3 1 0
github.com/MarkWestbroek/Bitemporal_2026/bitemporal_go_API_v05/graph/schema.resolvers.go:165.2,166.16 2 0
github.com/MarkWestbroek/Bitemporal_2026/bitemporal_go_API_v05/graph/schema.resolvers.go:166.16,168.3 1 0
github.com/MarkWestbroek/Bitemporal_2026/bitemporal_go_API_v05/graph/schema.resolvers.go:170.2,176.8 1 0
github.com/MarkWestbroek/Bitemporal_2026/bitemporal_go_API_v05/graph/schema.resolvers.go:180.85,182.16 2 0
github.com/MarkWestbroek/Bitemporal_2026/bitemporal_go_API_v05/graph/schema.resolvers.go:182.16,184.3 1 0
github.com/MarkWestbroek/Bitemporal_2026/bitemporal_go_API_v05/graph/schema.resolvers.go:186.2,187.16 2 0
github.com/MarkWestbroek/Bitemporal_2026/bitemporal_go_API_v05/graph/schema.resolvers.go:187.16,189.3 1 0
github.com/MarkWestbroek/Bitemporal_2026/bitemporal_go_API_v05/graph/schema.resolvers.go:191.2,191.30 1 0
github.com/MarkWestbroek/Bitemporal_2026/bitemporal_go_API_v05/graph/schema.resolvers.go:195.89,198.16 3 0
github.com/MarkWestbroek/Bitemporal_2026/bitemporal_go_API_v05/graph/schema.resolvers.go:198.16,200.3 1 0
github.com/MarkWestbroek/Bitemporal_2026/bitemporal_go_API_v05/graph/schema.resolvers.go:203.2,204.28 2 0
github.com/MarkWestbroek/Bitemporal_2026/bitemporal_go_API_v05/graph/schema.resolvers.go:204.28,207.3 2 0
github.com/MarkWestbroek/Bitemporal_2026/bitemporal_go_API_v05/graph/schema.resolvers.go:208.2,208.28 1 0
github.com/MarkWestbroek/Bitemporal_2026/bitemporal_go_API_v05/graph/schema.resolvers.go:208.28,211.3 2 0
github.com/MarkWestbroek/Bitemporal_2026/bitemporal_go_API_v05/graph/schema.resolvers.go:212.2,216.8 1 0
github.com/MarkWestbroek/Bitemporal_2026/bitemporal_go_API_v05/graph/schema.resolvers.go:220.114,221.67 1 0
github.com/MarkWestbroek/Bitemporal_2026/bitemporal_go_API_v05/graph/schema.resolvers.go:225.89,226.57 1 0
github.com/MarkWestbroek/Bitemporal_2026/bitemporal_go_API_v05/graph/schema.resolvers.go:230.114,231.67 1 0
github.com/MarkWestbroek/Bitemporal_2026/bitemporal_go_API_v05/graph/schema.resolvers.go:235.95,236.63 1 0
github.com/MarkWestbroek/Bitemporal_2026/bitemporal_go_API_v05/graph/schema.resolvers.go:240.119,241.71 1 0
github.com/MarkWestbroek/Bitemporal_2026/bitemporal_go_API_v05/graph/schema.resolvers.go:245.104,246.69 1 0
github.com/MarkWestbroek/Bitemporal_2026/bitemporal_go_API_v05/graph/schema.resolvers.go:250.105,251.71 1 0
github.com/MarkWestbroek/Bitemporal_2026/bitemporal_go_API_v05/graph/schema.resolvers.go:255.104,256.69 1 0
github.com/MarkWestbroek/Bitemporal_2026/bitemporal_go_API_v05/graph/schema.resolvers.go:260.105,261.71 1 0
github.com/MarkWestbroek/Bitemporal_2026/bitemporal_go_API_v05/graph/schema.resolvers.go:265.104,266.69 1 0
github.com/MarkWestbroek/Bitemporal_2026/bitemporal_go_API_v05/graph/schema.resolvers.go:270.104,271.69 1 0
github.com/MarkWestbroek/Bitemporal_2026/bitemporal_go_API_v05/graph/schema.resolvers.go:275.99,276.67 1 0
github.com/MarkWestbroek/Bitemporal_2026/bitemporal_go_API_v05/graph/schema.resolvers.go:280.123,281.75 1 0
github.com/MarkWestbroek/Bitemporal_2026/bitemporal_go_API_v05/graph/schema.resolvers.go:285.87,286.55 1 0
github.com/MarkWestbroek/Bitemporal_2026/bitemporal_go_API_v05/graph/schema.resolvers.go:290.111,291.63 1 0
github.com/MarkWestbroek/Bitemporal_2026/bitemporal_go_API_v05/graph/schema.resolvers.go:295.83,298.16 3 0
github.com/MarkWestbroek/Bitemporal_2026/bitemporal_go_API_v05/graph/schema.resolvers.go:298.16,300.3 1 0
github.com/MarkWestbroek/Bitemporal_2026/bitemporal_go_API_v05/graph/schema.resolvers.go:302.2,308.8 1 0
github.com/MarkWestbroek/Bitemporal_2026/bitemporal_go_API_v05/graph/schema.resolvers.go:312.107,316.34 3 0
github.com/MarkWestbroek/Bitemporal_2026/bitemporal_go_API_v05/graph/schema.resolvers.go:316.34,318.3 1 0
github.com/MarkWestbroek/Bitemporal_2026/bitemporal_go_API_v05/graph/schema.resolvers.go:320.2,320.32 1 0
github.com/MarkWestbroek/Bitemporal_2026/bitemporal_go_API_v05/graph/schema.resolvers.go:320.32,322.3 1 0
github.com/MarkWestbroek/Bitemporal_2026/bitemporal_go_API_v05/graph/schema.resolvers.go:324.2,325.16 2 0
github.com/MarkWestbroek/Bitemporal_2026/bitemporal_go_API_v05/graph/schema.resolvers.go:325.16,327.3 1 0
github.com/MarkWestbroek/Bitemporal_2026/bitemporal_go_API_v05/graph/schema.resolvers.go:329.2,330.28 2 0
github.com/MarkWestbroek/Bitemporal_2026/bitemporal_go_API_v05/graph/schema.resolvers.go:330.28,338.3 1 0
github.com/MarkWestbroek/Bitemporal_2026/bitemporal_go_API_v05/graph/schema.resolvers.go:340.2,340.19 1 0
github.com/MarkWestbroek/Bitemporal_2026/bitemporal_go_API_v05/graph/schema.resolvers.go:344.48,344.79 1 0
github.com/MarkWestbroek/Bitemporal_2026/bitemporal_go_API_v05/graph/schema.resolvers.go:347.42,347.70 1 0
